[debug] [2026-05-25T21:30:41.925Z] ----------------------------------------------------------------------
[debug] [2026-05-25T21:30:41.928Z] Command:       /Users/JimmyMcmahon/.nvm/versions/node/v20.20.2/bin/node /Users/JimmyMcmahon/.nvm/versions/node/v20.20.2/bin/firebase deploy --only functions
[debug] [2026-05-25T21:30:41.929Z] CLI Version:   15.18.0
[debug] [2026-05-25T21:30:41.929Z] Platform:      darwin
[debug] [2026-05-25T21:30:41.929Z] Node Version:  v20.20.2
[debug] [2026-05-25T21:30:41.929Z] Time:          Mon May 25 2026 22:30:41 GMT+0100 (British Summer Time)
[debug] [2026-05-25T21:30:41.929Z] ----------------------------------------------------------------------
[debug] 
[debug] [2026-05-25T21:30:43.219Z] > command requires scopes: ["email","openid","https://www.googleapis.com/auth/cloudplatformprojects.readonly","https://www.googleapis.com/auth/firebase","https://www.googleapis.com/auth/cloud-platform"]
[debug] [2026-05-25T21:30:43.219Z] > authorizing via signed-in user (jimmymcmayt@gmail.com)
[debug] [2026-05-25T21:30:43.219Z] [iam] checking project kidschat-4e9cd for permissions ["cloudfunctions.functions.create","cloudfunctions.functions.delete","cloudfunctions.functions.get","cloudfunctions.functions.list","cloudfunctions.functions.update","cloudfunctions.operations.get","firebase.projects.get"]
[debug] [2026-05-25T21:30:43.221Z] Checked if tokens are valid: true, expires at: 1779747893812
[debug] [2026-05-25T21:30:43.221Z] Checked if tokens are valid: true, expires at: 1779747893812
[debug] [2026-05-25T21:30:43.222Z] >>> [apiv2][query] POST https://cloudresourcemanager.googleapis.com/v1/projects/kidschat-4e9cd:testIamPermissions [none]
[debug] [2026-05-25T21:30:43.222Z] >>> [apiv2][(partial)header] POST https://cloudresourcemanager.googleapis.com/v1/projects/kidschat-4e9cd:testIamPermissions  x-goog-user-project=kidschat-4e9cd
[debug] [2026-05-25T21:30:43.223Z] >>> [apiv2][body] POST https://cloudresourcemanager.googleapis.com/v1/projects/kidschat-4e9cd:testIamPermissions {"permissions":["cloudfunctions.functions.create","cloudfunctions.functions.delete","cloudfunctions.functions.get","cloudfunctions.functions.list","cloudfunctions.functions.update","cloudfunctions.operations.get","firebase.projects.get"]}
[debug] [2026-05-25T21:30:43.678Z] <<< [apiv2][status] POST https://cloudresourcemanager.googleapis.com/v1/projects/kidschat-4e9cd:testIamPermissions 200
[debug] [2026-05-25T21:30:43.679Z] <<< [apiv2][body] POST https://cloudresourcemanager.googleapis.com/v1/projects/kidschat-4e9cd:testIamPermissions {"permissions":["cloudfunctions.functions.create","cloudfunctions.functions.delete","cloudfunctions.functions.get","cloudfunctions.functions.list","cloudfunctions.functions.update","cloudfunctions.operations.get","firebase.projects.get"]}
[debug] [2026-05-25T21:30:43.679Z] Checked if tokens are valid: true, expires at: 1779747893812
[debug] [2026-05-25T21:30:43.679Z] Checked if tokens are valid: true, expires at: 1779747893812
[debug] [2026-05-25T21:30:43.679Z] >>> [apiv2][query] POST https://iam.googleapis.com/v1/projects/kidschat-4e9cd/serviceAccounts/kidschat-4e9cd@appspot.gserviceaccount.com:testIamPermissions [none]
[debug] [2026-05-25T21:30:43.679Z] >>> [apiv2][body] POST https://iam.googleapis.com/v1/projects/kidschat-4e9cd/serviceAccounts/kidschat-4e9cd@appspot.gserviceaccount.com:testIamPermissions {"permissions":["iam.serviceAccounts.actAs"]}
[debug] [2026-05-25T21:30:44.542Z] <<< [apiv2][status] POST https://iam.googleapis.com/v1/projects/kidschat-4e9cd/serviceAccounts/kidschat-4e9cd@appspot.gserviceaccount.com:testIamPermissions 200
[debug] [2026-05-25T21:30:44.542Z] <<< [apiv2][body] POST https://iam.googleapis.com/v1/projects/kidschat-4e9cd/serviceAccounts/kidschat-4e9cd@appspot.gserviceaccount.com:testIamPermissions {"permissions":["iam.serviceAccounts.actAs"]}
[info] 
[info] === Deploying to 'kidschat-4e9cd'...
[info] 
[info] i  deploying functions 
[debug] [2026-05-25T21:30:44.545Z] Checked if tokens are valid: true, expires at: 1779747893812
[debug] [2026-05-25T21:30:44.546Z] Checked if tokens are valid: true, expires at: 1779747893812
[debug] [2026-05-25T21:30:44.546Z] >>> [apiv2][query] GET https://cloudresourcemanager.googleapis.com/v1/projects/kidschat-4e9cd [none]
[debug] [2026-05-25T21:30:44.778Z] <<< [apiv2][status] GET https://cloudresourcemanager.googleapis.com/v1/projects/kidschat-4e9cd 200
[debug] [2026-05-25T21:30:44.778Z] <<< [apiv2][body] GET https://cloudresourcemanager.googleapis.com/v1/projects/kidschat-4e9cd {"projectNumber":"1083637524943","projectId":"kidschat-4e9cd","lifecycleState":"ACTIVE","name":"KidsChat","labels":{"firebase":"enabled","firebase-core":"disabled"},"createTime":"2026-05-23T15:39:33.909Z"}
[info] i  functions: preparing codebase default for deployment 
[info] i  functions: ensuring required API cloudfunctions.googleapis.com is enabled... 
[info] i  functions: ensuring required API cloudbuild.googleapis.com is enabled... 
[info] i  artifactregistry: ensuring required API artifactregistry.googleapis.com is enabled... 
[debug] [2026-05-25T21:30:44.780Z] Checked if tokens are valid: true, expires at: 1779747893812
[debug] [2026-05-25T21:30:44.780Z] Checked if tokens are valid: true, expires at: 1779747893812
[debug] [2026-05-25T21:30:44.780Z] >>> [apiv2][query] GET https://firebase.googleapis.com/v1beta1/projects/kidschat-4e9cd/adminSdkConfig [none]
[debug] [2026-05-25T21:30:45.604Z] <<< [apiv2][status] GET https://firebase.googleapis.com/v1beta1/projects/kidschat-4e9cd/adminSdkConfig 200
[debug] [2026-05-25T21:30:45.605Z] <<< [apiv2][body] GET https://firebase.googleapis.com/v1beta1/projects/kidschat-4e9cd/adminSdkConfig {"projectId":"kidschat-4e9cd","storageBucket":"kidschat-4e9cd.firebasestorage.app"}
[debug] [2026-05-25T21:30:45.605Z] Checked if tokens are valid: true, expires at: 1779747893812
[debug] [2026-05-25T21:30:45.605Z] Checked if tokens are valid: true, expires at: 1779747893812
[debug] [2026-05-25T21:30:45.605Z] >>> [apiv2][query] GET https://runtimeconfig.googleapis.com/v1beta1/projects/kidschat-4e9cd/configs [none]
[debug] [2026-05-25T21:30:45.959Z] <<< [apiv2][status] GET https://runtimeconfig.googleapis.com/v1beta1/projects/kidschat-4e9cd/configs 200
[debug] [2026-05-25T21:30:45.959Z] <<< [apiv2][body] GET https://runtimeconfig.googleapis.com/v1beta1/projects/kidschat-4e9cd/configs {}
[debug] [2026-05-25T21:30:45.960Z] Validating nodejs source
[warn] ⚠  functions: package.json indicates an outdated version of firebase-functions. Please upgrade using npm install --save firebase-functions@latest in your functions directory. 
[warn] ⚠  functions: Please note that there will be breaking changes when you upgrade. 
[debug] [2026-05-25T21:30:46.866Z] > [functions] package.json contents: {
  "name": "kidschat-functions",
  "version": "1.0.0",
  "engines": {
    "node": "22"
  },
  "main": "index.js",
  "dependencies": {
    "firebase-admin": "^13.0.0",
    "firebase-functions": "^6.0.0"
  }
}
[debug] [2026-05-25T21:30:46.866Z] Building nodejs source
[info] i  functions: Loading and analyzing source code for codebase default to determine what to deploy 
[debug] [2026-05-25T21:30:46.868Z] Could not find functions.yaml. Must use http discovery
[debug] [2026-05-25T21:30:46.876Z] Found firebase-functions binary at '/Users/JimmyMcmahon/Desktop/GitHub/local-chat-app/functions/node_modules/.bin/firebase-functions'
[info] Serving at port 8445

[debug] [2026-05-25T21:30:47.176Z] Got response from /__/functions.yaml {"endpoints":{"sendMessageNotification":{"availableMemoryMb":null,"timeoutSeconds":null,"minInstances":null,"maxInstances":null,"ingressSettings":null,"concurrency":null,"serviceAccountEmail":null,"vpc":null,"platform":"gcfv2","labels":{},"eventTrigger":{"eventType":"google.cloud.firestore.document.v1.created","eventFilters":{"database":"(default)","namespace":"(default)"},"eventFilterPathPatterns":{"document":"messages/{messageId}"},"retry":false},"entryPoint":"sendMessageNotification"}},"specVersion":"v1alpha1","requiredAPIs":[],"extensions":{}}
[debug] [2026-05-25T21:30:51.203Z] Checked if tokens are valid: true, expires at: 1779747893812
[debug] [2026-05-25T21:30:51.203Z] Checked if tokens are valid: true, expires at: 1779747893812
[debug] [2026-05-25T21:30:51.204Z] >>> [apiv2][query] GET https://cloudfunctions.googleapis.com/v1/projects/kidschat-4e9cd/locations/-/functions [none]
[debug] [2026-05-25T21:30:51.875Z] <<< [apiv2][status] GET https://cloudfunctions.googleapis.com/v1/projects/kidschat-4e9cd/locations/-/functions 200
[debug] [2026-05-25T21:30:51.875Z] <<< [apiv2][body] GET https://cloudfunctions.googleapis.com/v1/projects/kidschat-4e9cd/locations/-/functions {}
[debug] [2026-05-25T21:30:51.876Z] Checked if tokens are valid: true, expires at: 1779747893812
[debug] [2026-05-25T21:30:51.876Z] Checked if tokens are valid: true, expires at: 1779747893812
[debug] [2026-05-25T21:30:51.877Z] >>> [apiv2][query] GET https://cloudfunctions.googleapis.com/v2/projects/kidschat-4e9cd/locations/-/functions filter=environment%3D%22GEN_2%22
[debug] [2026-05-25T21:30:53.283Z] <<< [apiv2][status] GET https://cloudfunctions.googleapis.com/v2/projects/kidschat-4e9cd/locations/-/functions 200
[debug] [2026-05-25T21:30:53.284Z] <<< [apiv2][body] GET https://cloudfunctions.googleapis.com/v2/projects/kidschat-4e9cd/locations/-/functions {}
[info] i  extensions: ensuring required API firebaseextensions.googleapis.com is enabled... 
[debug] [2026-05-25T21:30:53.285Z] > command requires scopes: ["email","openid","https://www.googleapis.com/auth/cloudplatformprojects.readonly","https://www.googleapis.com/auth/firebase","https://www.googleapis.com/auth/cloud-platform"]
[debug] [2026-05-25T21:30:53.285Z] > authorizing via signed-in user (jimmymcmayt@gmail.com)
[debug] [2026-05-25T21:30:53.285Z] [iam] checking project kidschat-4e9cd for permissions ["firebase.projects.get","firebaseextensions.instances.list"]
[debug] [2026-05-25T21:30:53.285Z] Checked if tokens are valid: true, expires at: 1779747893812
[debug] [2026-05-25T21:30:53.285Z] Checked if tokens are valid: true, expires at: 1779747893812
[debug] [2026-05-25T21:30:53.285Z] >>> [apiv2][query] POST https://cloudresourcemanager.googleapis.com/v1/projects/kidschat-4e9cd:testIamPermissions [none]
[debug] [2026-05-25T21:30:53.286Z] >>> [apiv2][(partial)header] POST https://cloudresourcemanager.googleapis.com/v1/projects/kidschat-4e9cd:testIamPermissions  x-goog-user-project=kidschat-4e9cd
[debug] [2026-05-25T21:30:53.286Z] >>> [apiv2][body] POST https://cloudresourcemanager.googleapis.com/v1/projects/kidschat-4e9cd:testIamPermissions {"permissions":["firebase.projects.get","firebaseextensions.instances.list"]}
[debug] [2026-05-25T21:30:54.147Z] <<< [apiv2][status] POST https://cloudresourcemanager.googleapis.com/v1/projects/kidschat-4e9cd:testIamPermissions 200
[debug] [2026-05-25T21:30:54.147Z] <<< [apiv2][body] POST https://cloudresourcemanager.googleapis.com/v1/projects/kidschat-4e9cd:testIamPermissions {"permissions":["firebase.projects.get","firebaseextensions.instances.list"]}
[debug] [2026-05-25T21:30:54.148Z] Checked if tokens are valid: true, expires at: 1779747893812
[debug] [2026-05-25T21:30:54.148Z] Checked if tokens are valid: true, expires at: 1779747893812
[debug] [2026-05-25T21:30:54.148Z] >>> [apiv2][query] GET https://firebaseextensions.googleapis.com/v1beta/projects/kidschat-4e9cd/instances pageSize=100&pageToken=
[debug] [2026-05-25T21:30:55.141Z] <<< [apiv2][status] GET https://firebaseextensions.googleapis.com/v1beta/projects/kidschat-4e9cd/instances 200
[debug] [2026-05-25T21:30:55.141Z] <<< [apiv2][body] GET https://firebaseextensions.googleapis.com/v1beta/projects/kidschat-4e9cd/instances {}
[debug] [2026-05-25T21:30:55.142Z] Checked if tokens are valid: true, expires at: 1779747893812
[debug] [2026-05-25T21:30:55.143Z] Checked if tokens are valid: true, expires at: 1779747893812
[debug] [2026-05-25T21:30:55.143Z] >>> [apiv2][query] GET https://firestore.googleapis.com/v1/projects/kidschat-4e9cd/databases/(default) [none]
[debug] [2026-05-25T21:30:55.570Z] <<< [apiv2][status] GET https://firestore.googleapis.com/v1/projects/kidschat-4e9cd/databases/(default) 200
[debug] [2026-05-25T21:30:55.571Z] <<< [apiv2][body] GET https://firestore.googleapis.com/v1/projects/kidschat-4e9cd/databases/(default) {"name":"projects/kidschat-4e9cd/databases/(default)","uid":"a54eec31-b6e3-43c2-a3cd-c6b1980b554c","createTime":"2026-05-23T15:56:47.686452Z","updateTime":"2026-05-23T15:56:47.686452Z","locationId":"europe-west2","type":"FIRESTORE_NATIVE","concurrencyMode":"PESSIMISTIC","versionRetentionPeriod":"3600s","earliestVersionTime":"2026-05-25T20:27:57.449187Z","appEngineIntegrationMode":"DISABLED","keyPrefix":"g","pointInTimeRecoveryEnablement":"POINT_IN_TIME_RECOVERY_DISABLED","deleteProtectionState":"DELETE_PROTECTION_DISABLED","databaseEdition":"STANDARD","freeTier":true,"realtimeUpdatesMode":"REALTIME_UPDATES_MODE_ENABLED","etag":"IMaR+uqw1ZQDMLKUjeLkz5QD"}
[info] i  functions: preparing functions directory for uploading... 
[info] i  functions: packaged /Users/JimmyMcmahon/Desktop/GitHub/local-chat-app/functions (32.18 KB) for uploading 
[info] i  functions: ensuring required API run.googleapis.com is enabled... 
[info] i  functions: ensuring required API eventarc.googleapis.com is enabled... 
[info] i  functions: ensuring required API pubsub.googleapis.com is enabled... 
[info] i  functions: ensuring required API storage.googleapis.com is enabled... 
[info] i  functions: generating the service identity for pubsub.googleapis.com... 
[debug] [2026-05-25T21:30:55.611Z] Checked if tokens are valid: true, expires at: 1779747893812
[debug] [2026-05-25T21:30:55.611Z] Checked if tokens are valid: true, expires at: 1779747893812
[info] i  functions: generating the service identity for eventarc.googleapis.com... 
[debug] [2026-05-25T21:30:55.611Z] Checked if tokens are valid: true, expires at: 1779747893812
[debug] [2026-05-25T21:30:55.611Z] Checked if tokens are valid: true, expires at: 1779747893812
[debug] [2026-05-25T21:30:55.611Z] >>> [apiv2][query] POST https://serviceusage.googleapis.com/v1beta1/projects/1083637524943/services/pubsub.googleapis.com:generateServiceIdentity [none]
[debug] [2026-05-25T21:30:55.612Z] >>> [apiv2][(partial)header] POST https://serviceusage.googleapis.com/v1beta1/projects/1083637524943/services/pubsub.googleapis.com:generateServiceIdentity  x-goog-user-project=1083637524943
[debug] [2026-05-25T21:30:55.612Z] >>> [apiv2][body] POST https://serviceusage.googleapis.com/v1beta1/projects/1083637524943/services/pubsub.googleapis.com:generateServiceIdentity {}
[debug] [2026-05-25T21:30:55.613Z] >>> [apiv2][query] POST https://serviceusage.googleapis.com/v1beta1/projects/1083637524943/services/eventarc.googleapis.com:generateServiceIdentity [none]
[debug] [2026-05-25T21:30:55.613Z] >>> [apiv2][(partial)header] POST https://serviceusage.googleapis.com/v1beta1/projects/1083637524943/services/eventarc.googleapis.com:generateServiceIdentity  x-goog-user-project=1083637524943
[debug] [2026-05-25T21:30:55.613Z] >>> [apiv2][body] POST https://serviceusage.googleapis.com/v1beta1/projects/1083637524943/services/eventarc.googleapis.com:generateServiceIdentity {}
[debug] [2026-05-25T21:30:56.614Z] <<< [apiv2][status] POST https://serviceusage.googleapis.com/v1beta1/projects/1083637524943/services/eventarc.googleapis.com:generateServiceIdentity 200
[debug] [2026-05-25T21:30:56.614Z] <<< [apiv2][body] POST https://serviceusage.googleapis.com/v1beta1/projects/1083637524943/services/eventarc.googleapis.com:generateServiceIdentity {"name":"operations/finished.DONE_OPERATION","done":true,"response":{"@type":"type.googleapis.com/google.api.serviceusage.v1beta1.ServiceIdentity","email":"service-1083637524943@gcp-sa-eventarc.iam.gserviceaccount.com","uniqueId":"112863350009953601394"}}
[debug] [2026-05-25T21:30:56.620Z] <<< [apiv2][status] POST https://serviceusage.googleapis.com/v1beta1/projects/1083637524943/services/pubsub.googleapis.com:generateServiceIdentity 200
[debug] [2026-05-25T21:30:56.621Z] <<< [apiv2][body] POST https://serviceusage.googleapis.com/v1beta1/projects/1083637524943/services/pubsub.googleapis.com:generateServiceIdentity {"name":"operations/finished.DONE_OPERATION","done":true,"response":{"@type":"type.googleapis.com/google.api.serviceusage.v1beta1.ServiceIdentity","email":"service-1083637524943@gcp-sa-pubsub.iam.gserviceaccount.com","uniqueId":"103338454561502400451"}}
[debug] [2026-05-25T21:30:56.622Z] Checked if tokens are valid: true, expires at: 1779747893812
[debug] [2026-05-25T21:30:56.623Z] Checked if tokens are valid: true, expires at: 1779747893812
[debug] [2026-05-25T21:30:56.623Z] >>> [apiv2][query] GET https://compute.googleapis.com/compute/v1/projects/1083637524943 [none]
[debug] [2026-05-25T21:30:56.997Z] <<< [apiv2][status] GET https://compute.googleapis.com/compute/v1/projects/1083637524943 403
[debug] [2026-05-25T21:30:56.997Z] <<< [apiv2][body] GET https://compute.googleapis.com/compute/v1/projects/1083637524943 {"error":{"code":403,"message":"Compute Engine API has not been used in project 1083637524943 before or it is disabled. Enable it by visiting https://console.developers.google.com/apis/api/compute.googleapis.com/overview?project=1083637524943 then retry. If you enabled this API recently, wait a few minutes for the action to propagate to our systems and retry.","errors":[{"message":"Compute Engine API has not been used in project 1083637524943 before or it is disabled. Enable it by visiting https://console.developers.google.com/apis/api/compute.googleapis.com/overview?project=1083637524943 then retry. If you enabled this API recently, wait a few minutes for the action to propagate to our systems and retry.","domain":"usageLimits","reason":"accessNotConfigured","extendedHelp":"https://console.developers.google.com"}],"status":"PERMISSION_DENIED","details":[{"@type":"type.googleapis.com/google.rpc.ErrorInfo","reason":"SERVICE_DISABLED","domain":"googleapis.com","metadata":{"consumer":"projects/1083637524943","containerInfo":"1083637524943","service":"compute.googleapis.com","serviceTitle":"Compute Engine API","activationUrl":"https://console.developers.google.com/apis/api/compute.googleapis.com/overview?project=1083637524943"}},{"@type":"type.googleapis.com/google.rpc.LocalizedMessage","locale":"en-US","message":"Compute Engine API has not been used in project 1083637524943 before or it is disabled. Enable it by visiting https://console.developers.google.com/apis/api/compute.googleapis.com/overview?project=1083637524943 then retry. If you enabled this API recently, wait a few minutes for the action to propagate to our systems and retry."},{"@type":"type.googleapis.com/google.rpc.Help","links":[{"description":"Google developers console API activation","url":"https://console.developers.google.com/apis/api/compute.googleapis.com/overview?project=1083637524943"}]}]}}
[debug] [2026-05-25T21:30:56.997Z] unable to look up default compute service account. Falling back to 1083637524943-compute@developer.gserviceaccount.com. Error: {"name":"FirebaseError","children":[],"context":{"body":{"error":{"code":403,"message":"Compute Engine API has not been used in project 1083637524943 before or it is disabled. Enable it by visiting https://console.developers.google.com/apis/api/compute.googleapis.com/overview?project=1083637524943 then retry. If you enabled this API recently, wait a few minutes for the action to propagate to our systems and retry.","errors":[{"message":"Compute Engine API has not been used in project 1083637524943 before or it is disabled. Enable it by visiting https://console.developers.google.com/apis/api/compute.googleapis.com/overview?project=1083637524943 then retry. If you enabled this API recently, wait a few minutes for the action to propagate to our systems and retry.","domain":"usageLimits","reason":"accessNotConfigured","extendedHelp":"https://console.developers.google.com"}],"status":"PERMISSION_DENIED","details":[{"@type":"type.googleapis.com/google.rpc.ErrorInfo","reason":"SERVICE_DISABLED","domain":"googleapis.com","metadata":{"consumer":"projects/1083637524943","containerInfo":"1083637524943","service":"compute.googleapis.com","serviceTitle":"Compute Engine API","activationUrl":"https://console.developers.google.com/apis/api/compute.googleapis.com/overview?project=1083637524943"}},{"@type":"type.googleapis.com/google.rpc.LocalizedMessage","locale":"en-US","message":"Compute Engine API has not been used in project 1083637524943 before or it is disabled. Enable it by visiting https://console.developers.google.com/apis/api/compute.googleapis.com/overview?project=1083637524943 then retry. If you enabled this API recently, wait a few minutes for the action to propagate to our systems and retry."},{"@type":"type.googleapis.com/google.rpc.Help","links":[{"description":"Google developers console API activation","url":"https://console.developers.google.com/apis/api/compute.googleapis.com/overview?project=1083637524943"}]}]}},"response":{"statusCode":403}},"exit":1,"message":"Request to https://compute.googleapis.com/compute/v1/projects/1083637524943 had HTTP Error: 403, Compute Engine API has not been used in project 1083637524943 before or it is disabled. Enable it by visiting https://console.developers.google.com/apis/api/compute.googleapis.com/overview?project=1083637524943 then retry. If you enabled this API recently, wait a few minutes for the action to propagate to our systems and retry.","status":403}
[debug] [2026-05-25T21:30:56.998Z] Checked if tokens are valid: true, expires at: 1779747893812
[debug] [2026-05-25T21:30:56.998Z] Checked if tokens are valid: true, expires at: 1779747893812
[debug] [2026-05-25T21:30:56.998Z] >>> [apiv2][query] POST https://cloudresourcemanager.googleapis.com/v1/projects/1083637524943:getIamPolicy [none]
[debug] [2026-05-25T21:30:57.321Z] <<< [apiv2][status] POST https://cloudresourcemanager.googleapis.com/v1/projects/1083637524943:getIamPolicy 200
[debug] [2026-05-25T21:30:57.322Z] <<< [apiv2][body] POST https://cloudresourcemanager.googleapis.com/v1/projects/1083637524943:getIamPolicy {"version":1,"etag":"BwZSqwmHYhM=","bindings":[{"role":"roles/artifactregistry.serviceAgent","members":["serviceAccount:service-1083637524943@gcp-sa-artifactregistry.iam.gserviceaccount.com"]},{"role":"roles/cloudbuild.builds.builder","members":["serviceAccount:1083637524943@cloudbuild.gserviceaccount.com"]},{"role":"roles/cloudbuild.serviceAgent","members":["serviceAccount:service-1083637524943@gcp-sa-cloudbuild.iam.gserviceaccount.com"]},{"role":"roles/cloudfunctions.serviceAgent","members":["serviceAccount:service-1083637524943@gcf-admin-robot.iam.gserviceaccount.com"]},{"role":"roles/containerregistry.ServiceAgent","members":["serviceAccount:service-1083637524943@containerregistry.iam.gserviceaccount.com"]},{"role":"roles/editor","members":["serviceAccount:1083637524943-compute@developer.gserviceaccount.com","serviceAccount:1083637524943@cloudservices.gserviceaccount.com","serviceAccount:kidschat-4e9cd@appspot.gserviceaccount.com"]},{"role":"roles/eventarc.eventReceiver","members":["serviceAccount:1083637524943-compute@developer.gserviceaccount.com"]},{"role":"roles/eventarc.serviceAgent","members":["serviceAccount:service-1083637524943@gcp-sa-eventarc.iam.gserviceaccount.com"]},{"role":"roles/firebase.managementServiceAgent","members":["serviceAccount:service-1083637524943@gcp-sa-firebase.iam.gserviceaccount.com"]},{"role":"roles/firebase.sdkAdminServiceAgent","members":["serviceAccount:firebase-adminsdk-fbsvc@kidschat-4e9cd.iam.gserviceaccount.com"]},{"role":"roles/firebaseauth.admin","members":["serviceAccount:firebase-adminsdk-fbsvc@kidschat-4e9cd.iam.gserviceaccount.com"]},{"role":"roles/firebasemods.serviceAgent","members":["serviceAccount:service-1083637524943@gcp-sa-firebasemods.iam.gserviceaccount.com"]},{"role":"roles/firebaserules.system","members":["serviceAccount:service-1083637524943@firebase-rules.iam.gserviceaccount.com"]},{"role":"roles/firebasestorage.serviceAgent","members":["serviceAccount:service-1083637524943@gcp-sa-firebasestorage.iam.gserviceaccount.com"]},{"role":"roles/firestore.serviceAgent","members":["serviceAccount:service-1083637524943@gcp-sa-firestore.iam.gserviceaccount.com"]},{"role":"roles/iam.serviceAccountTokenCreator","members":["serviceAccount:firebase-adminsdk-fbsvc@kidschat-4e9cd.iam.gserviceaccount.com","serviceAccount:service-1083637524943@gcp-sa-pubsub.iam.gserviceaccount.com"]},{"role":"roles/owner","members":["user:jimmymcmayt@gmail.com"]},{"role":"roles/pubsub.serviceAgent","members":["serviceAccount:service-1083637524943@gcp-sa-pubsub.iam.gserviceaccount.com"]},{"role":"roles/run.invoker","members":["serviceAccount:1083637524943-compute@developer.gserviceaccount.com"]},{"role":"roles/run.serviceAgent","members":["serviceAccount:service-1083637524943@serverless-robot-prod.iam.gserviceaccount.com"]},{"role":"roles/storage.admin","members":["serviceAccount:firebase-adminsdk-fbsvc@kidschat-4e9cd.iam.gserviceaccount.com"]}]}
[debug] [2026-05-25T21:30:57.323Z] Checked if tokens are valid: true, expires at: 1779747893812
[debug] [2026-05-25T21:30:57.323Z] Checked if tokens are valid: true, expires at: 1779747893812
[debug] [2026-05-25T21:30:57.323Z] >>> [apiv2][query] GET https://cloudresourcemanager.googleapis.com/v1/projects/kidschat-4e9cd [none]
[debug] [2026-05-25T21:30:57.755Z] <<< [apiv2][status] GET https://cloudresourcemanager.googleapis.com/v1/projects/kidschat-4e9cd 200
[debug] [2026-05-25T21:30:57.756Z] <<< [apiv2][body] GET https://cloudresourcemanager.googleapis.com/v1/projects/kidschat-4e9cd {"projectNumber":"1083637524943","projectId":"kidschat-4e9cd","lifecycleState":"ACTIVE","name":"KidsChat","labels":{"firebase":"enabled","firebase-core":"disabled"},"createTime":"2026-05-23T15:39:33.909Z"}
[debug] [2026-05-25T21:30:57.756Z] Checked if tokens are valid: true, expires at: 1779747893812
[debug] [2026-05-25T21:30:57.756Z] Checked if tokens are valid: true, expires at: 1779747893812
[debug] [2026-05-25T21:30:57.756Z] >>> [apiv2][query] GET https://compute.googleapis.com/compute/v1/projects/1083637524943 [none]
[debug] [2026-05-25T21:30:57.957Z] <<< [apiv2][status] GET https://compute.googleapis.com/compute/v1/projects/1083637524943 403
[debug] [2026-05-25T21:30:57.957Z] <<< [apiv2][body] GET https://compute.googleapis.com/compute/v1/projects/1083637524943 {"error":{"code":403,"message":"Compute Engine API has not been used in project 1083637524943 before or it is disabled. Enable it by visiting https://console.developers.google.com/apis/api/compute.googleapis.com/overview?project=1083637524943 then retry. If you enabled this API recently, wait a few minutes for the action to propagate to our systems and retry.","errors":[{"message":"Compute Engine API has not been used in project 1083637524943 before or it is disabled. Enable it by visiting https://console.developers.google.com/apis/api/compute.googleapis.com/overview?project=1083637524943 then retry. If you enabled this API recently, wait a few minutes for the action to propagate to our systems and retry.","domain":"usageLimits","reason":"accessNotConfigured","extendedHelp":"https://console.developers.google.com"}],"status":"PERMISSION_DENIED","details":[{"@type":"type.googleapis.com/google.rpc.ErrorInfo","reason":"SERVICE_DISABLED","domain":"googleapis.com","metadata":{"activationUrl":"https://console.developers.google.com/apis/api/compute.googleapis.com/overview?project=1083637524943","consumer":"projects/1083637524943","service":"compute.googleapis.com","serviceTitle":"Compute Engine API","containerInfo":"1083637524943"}},{"@type":"type.googleapis.com/google.rpc.LocalizedMessage","locale":"en-US","message":"Compute Engine API has not been used in project 1083637524943 before or it is disabled. Enable it by visiting https://console.developers.google.com/apis/api/compute.googleapis.com/overview?project=1083637524943 then retry. If you enabled this API recently, wait a few minutes for the action to propagate to our systems and retry."},{"@type":"type.googleapis.com/google.rpc.Help","links":[{"description":"Google developers console API activation","url":"https://console.developers.google.com/apis/api/compute.googleapis.com/overview?project=1083637524943"}]}]}}
[debug] [2026-05-25T21:30:57.958Z] unable to look up default compute service account. Falling back to 1083637524943-compute@developer.gserviceaccount.com. Error: {"name":"FirebaseError","children":[],"context":{"body":{"error":{"code":403,"message":"Compute Engine API has not been used in project 1083637524943 before or it is disabled. Enable it by visiting https://console.developers.google.com/apis/api/compute.googleapis.com/overview?project=1083637524943 then retry. If you enabled this API recently, wait a few minutes for the action to propagate to our systems and retry.","errors":[{"message":"Compute Engine API has not been used in project 1083637524943 before or it is disabled. Enable it by visiting https://console.developers.google.com/apis/api/compute.googleapis.com/overview?project=1083637524943 then retry. If you enabled this API recently, wait a few minutes for the action to propagate to our systems and retry.","domain":"usageLimits","reason":"accessNotConfigured","extendedHelp":"https://console.developers.google.com"}],"status":"PERMISSION_DENIED","details":[{"@type":"type.googleapis.com/google.rpc.ErrorInfo","reason":"SERVICE_DISABLED","domain":"googleapis.com","metadata":{"activationUrl":"https://console.developers.google.com/apis/api/compute.googleapis.com/overview?project=1083637524943","consumer":"projects/1083637524943","service":"compute.googleapis.com","serviceTitle":"Compute Engine API","containerInfo":"1083637524943"}},{"@type":"type.googleapis.com/google.rpc.LocalizedMessage","locale":"en-US","message":"Compute Engine API has not been used in project 1083637524943 before or it is disabled. Enable it by visiting https://console.developers.google.com/apis/api/compute.googleapis.com/overview?project=1083637524943 then retry. If you enabled this API recently, wait a few minutes for the action to propagate to our systems and retry."},{"@type":"type.googleapis.com/google.rpc.Help","links":[{"description":"Google developers console API activation","url":"https://console.developers.google.com/apis/api/compute.googleapis.com/overview?project=1083637524943"}]}]}},"response":{"statusCode":403}},"exit":1,"message":"Request to https://compute.googleapis.com/compute/v1/projects/1083637524943 had HTTP Error: 403, Compute Engine API has not been used in project 1083637524943 before or it is disabled. Enable it by visiting https://console.developers.google.com/apis/api/compute.googleapis.com/overview?project=1083637524943 then retry. If you enabled this API recently, wait a few minutes for the action to propagate to our systems and retry.","status":403}
[debug] [2026-05-25T21:30:57.959Z] Checked if tokens are valid: true, expires at: 1779747893812
[debug] [2026-05-25T21:30:57.959Z] Checked if tokens are valid: true, expires at: 1779747893812
[debug] [2026-05-25T21:30:57.959Z] >>> [apiv2][query] GET https://cloudbilling.googleapis.com/v1/projects/kidschat-4e9cd/billingInfo [none]
[debug] [2026-05-25T21:30:58.341Z] <<< [apiv2][status] GET https://cloudbilling.googleapis.com/v1/projects/kidschat-4e9cd/billingInfo 200
[debug] [2026-05-25T21:30:58.341Z] <<< [apiv2][body] GET https://cloudbilling.googleapis.com/v1/projects/kidschat-4e9cd/billingInfo {"name":"projects/kidschat-4e9cd/billingInfo","projectId":"kidschat-4e9cd","billingAccountName":"billingAccounts/014709-A979A4-5C722F","billingEnabled":true}
[debug] [2026-05-25T21:30:58.343Z] Checked if tokens are valid: true, expires at: 1779747893812
[debug] [2026-05-25T21:30:58.343Z] Checked if tokens are valid: true, expires at: 1779747893812
[debug] [2026-05-25T21:30:58.343Z] >>> [apiv2][query] POST https://cloudfunctions.googleapis.com/v2/projects/kidschat-4e9cd/locations/europe-west2/functions:generateUploadUrl [none]
[debug] [2026-05-25T21:30:58.738Z] <<< [apiv2][status] POST https://cloudfunctions.googleapis.com/v2/projects/kidschat-4e9cd/locations/europe-west2/functions:generateUploadUrl 200
[debug] [2026-05-25T21:30:58.738Z] <<< [apiv2][body] POST https://cloudfunctions.googleapis.com/v2/projects/kidschat-4e9cd/locations/europe-west2/functions:generateUploadUrl {"uploadUrl":"https://storage.googleapis.com/gcf-v2-uploads-1083637524943.europe-west2.cloudfunctions.appspot.com/5821596a-35a7-4dfe-aad4-95a27a3d9d42.zip?GoogleAccessId=service-1083637524943@gcf-admin-robot.iam.gserviceaccount.com&Expires=1779746280&Signature=OBGgHAj%2BCdTO87oS3gnfdfG4tMXo%2F75QjK5Lh8Cbo48ng1zmTNXSEzHXaLlqvr1h5SbGPYWChwv%2BG02Tu4xZmiKyChVb2m%2BE7tkGpv2maBI11sck%2BsOhJ9fJ%2BaBHJ2xWItAppkHbWC1%2BXTbOZTkV7c5WOiCdHgXCTGeq83SaguOnoTS5NzlKoxLhfQcx7e554AZhx5lmF%2FYgvpHyqqzRpgxLnOKpn3bxpmNEzUXylGOuOszpwd8e4a8ICp85bRNKUFvvUO1Ze1mGlHqTxgyuVrNYxcXlQbXEf3FRaOk5Ehk%2B1O%2FYLxN03Da6aOAzyFOlF9obDHw%2FDAJvP7sFh9f3VQ%3D%3D","storageSource":{"bucket":"gcf-v2-uploads-1083637524943.europe-west2.cloudfunctions.appspot.com","object":"5821596a-35a7-4dfe-aad4-95a27a3d9d42.zip"}}
[debug] [2026-05-25T21:30:58.739Z] >>> [apiv2][query] PUT https://storage.googleapis.com/gcf-v2-uploads-1083637524943.europe-west2.cloudfunctions.appspot.com/5821596a-35a7-4dfe-aad4-95a27a3d9d42.zip GoogleAccessId=service-1083637524943%40gcf-admin-robot.iam.gserviceaccount.com&Expires=1779746280&Signature=OBGgHAj%2BCdTO87oS3gnfdfG4tMXo%2F75QjK5Lh8Cbo48ng1zmTNXSEzHXaLlqvr1h5SbGPYWChwv%2BG02Tu4xZmiKyChVb2m%2BE7tkGpv2maBI11sck%2BsOhJ9fJ%2BaBHJ2xWItAppkHbWC1%2BXTbOZTkV7c5WOiCdHgXCTGeq83SaguOnoTS5NzlKoxLhfQcx7e554AZhx5lmF%2FYgvpHyqqzRpgxLnOKpn3bxpmNEzUXylGOuOszpwd8e4a8ICp85bRNKUFvvUO1Ze1mGlHqTxgyuVrNYxcXlQbXEf3FRaOk5Ehk%2B1O%2FYLxN03Da6aOAzyFOlF9obDHw%2FDAJvP7sFh9f3VQ%3D%3D
[debug] [2026-05-25T21:30:58.739Z] >>> [apiv2][body] PUT https://storage.googleapis.com/gcf-v2-uploads-1083637524943.europe-west2.cloudfunctions.appspot.com/5821596a-35a7-4dfe-aad4-95a27a3d9d42.zip [stream]
[debug] [2026-05-25T21:30:59.179Z] <<< [apiv2][status] PUT https://storage.googleapis.com/gcf-v2-uploads-1083637524943.europe-west2.cloudfunctions.appspot.com/5821596a-35a7-4dfe-aad4-95a27a3d9d42.zip 200
[debug] [2026-05-25T21:30:59.179Z] <<< [apiv2][body] PUT https://storage.googleapis.com/gcf-v2-uploads-1083637524943.europe-west2.cloudfunctions.appspot.com/5821596a-35a7-4dfe-aad4-95a27a3d9d42.zip [omitted]
[info] ✔  functions: functions source uploaded successfully 
[info] i  functions: creating Node.js 22 (2nd Gen) function sendMessageNotification(europe-west2)... 
[debug] [2026-05-25T21:30:59.187Z] Checked if tokens are valid: true, expires at: 1779747893812
[debug] [2026-05-25T21:30:59.187Z] Checked if tokens are valid: true, expires at: 1779747893812
[debug] [2026-05-25T21:30:59.187Z] >>> [apiv2][query] POST https://cloudfunctions.googleapis.com/v2/projects/kidschat-4e9cd/locations/europe-west2/functions functionId=sendMessageNotification
[debug] [2026-05-25T21:30:59.187Z] >>> [apiv2][body] POST https://cloudfunctions.googleapis.com/v2/projects/kidschat-4e9cd/locations/europe-west2/functions {"name":"projects/kidschat-4e9cd/locations/europe-west2/functions/sendMessageNotification","buildConfig":{"runtime":"nodejs22","entryPoint":"sendMessageNotification","source":{"storageSource":{"bucket":"gcf-v2-uploads-1083637524943.europe-west2.cloudfunctions.appspot.com","object":"5821596a-35a7-4dfe-aad4-95a27a3d9d42.zip"}},"environmentVariables":{"GOOGLE_NODE_RUN_SCRIPTS":""}},"serviceConfig":{"environmentVariables":{"FIREBASE_CONFIG":"{\"projectId\":\"kidschat-4e9cd\",\"storageBucket\":\"kidschat-4e9cd.firebasestorage.app\"}","GCLOUD_PROJECT":"kidschat-4e9cd","EVENTARC_CLOUD_EVENT_SOURCE":"projects/kidschat-4e9cd/locations/europe-west2/services/sendMessageNotification","FUNCTION_SIGNATURE_TYPE":"cloudevent","FUNCTION_TARGET":"sendMessageNotification","LOG_EXECUTION_ID":"true"},"ingressSettings":null,"timeoutSeconds":null,"serviceAccountEmail":null,"availableMemory":"256Mi","minInstanceCount":null,"maxInstanceCount":null,"maxInstanceRequestConcurrency":80,"availableCpu":"1","vpcConnector":null,"vpcConnectorEgressSettings":null,"directVpcNetworkInterface":null,"directVpcEgress":null},"labels":{"deployment-tool":"cli-firebase","firebase-functions-hash":"5e55100ba51809bf3625018fb3919117a16f11ab"},"eventTrigger":{"eventType":"google.cloud.firestore.document.v1.created","retryPolicy":"RETRY_POLICY_DO_NOT_RETRY","eventFilters":[{"attribute":"database","value":"(default)"},{"attribute":"namespace","value":"(default)"},{"attribute":"document","value":"messages/{messageId}","operator":"match-path-pattern"}],"triggerRegion":"europe-west2"}}
[debug] [2026-05-25T21:31:00.073Z] <<< [apiv2][status] POST https://cloudfunctions.googleapis.com/v2/projects/kidschat-4e9cd/locations/europe-west2/functions 200
[debug] [2026-05-25T21:31:00.074Z] <<< [apiv2][body] POST https://cloudfunctions.googleapis.com/v2/projects/kidschat-4e9cd/locations/europe-west2/functions {"name":"projects/kidschat-4e9cd/locations/europe-west2/operations/operation-1779744481250-652ab0d988af6-b1105d6d-3c9a0dce","metadata":{"@type":"type.googleapis.com/google.cloud.functions.v2.OperationMetadata","createTime":"2026-05-25T21:28:01.937159422Z","target":"projects/kidschat-4e9cd/locations/europe-west2/functions/sendMessageNotification","verb":"create","cancelRequested":false,"apiVersion":"v2"},"done":false}
[debug] [2026-05-25T21:31:00.074Z] Checked if tokens are valid: true, expires at: 1779747893812
[debug] [2026-05-25T21:31:00.074Z] Checked if tokens are valid: true, expires at: 1779747893812
[debug] [2026-05-25T21:31:00.075Z] >>> [apiv2][query] GET https://cloudfunctions.googleapis.com/v2/projects/kidschat-4e9cd/locations/europe-west2/operations/operation-1779744481250-652ab0d988af6-b1105d6d-3c9a0dce [none]
[debug] [2026-05-25T21:31:00.230Z] <<< [apiv2][status] GET https://cloudfunctions.googleapis.com/v2/projects/kidschat-4e9cd/locations/europe-west2/operations/operation-1779744481250-652ab0d988af6-b1105d6d-3c9a0dce 200
[debug] [2026-05-25T21:31:00.230Z] <<< [apiv2][body] GET https://cloudfunctions.googleapis.com/v2/projects/kidschat-4e9cd/locations/europe-west2/operations/operation-1779744481250-652ab0d988af6-b1105d6d-3c9a0dce {"name":"projects/kidschat-4e9cd/locations/europe-west2/operations/operation-1779744481250-652ab0d988af6-b1105d6d-3c9a0dce","metadata":{"@type":"type.googleapis.com/google.cloud.functions.v2.OperationMetadata","createTime":"2026-05-25T21:28:01.937159422Z","target":"projects/kidschat-4e9cd/locations/europe-west2/functions/sendMessageNotification","verb":"create","cancelRequested":false,"apiVersion":"v2","requestResource":{"@type":"type.googleapis.com/google.cloud.functions.v2.Function","name":"projects/kidschat-4e9cd/locations/europe-west2/functions/sendMessageNotification","buildConfig":{"runtime":"nodejs22","entryPoint":"sendMessageNotification","source":{"storageSource":{"bucket":"gcf-v2-sources-1083637524943-europe-west2","object":"sendMessageNotification/function-source.zip","generation":"1779744481496400"}},"environmentVariables":{"GOOGLE_NODE_RUN_SCRIPTS":""},"serviceAccount":"projects/kidschat-4e9cd/serviceAccounts/1083637524943-compute@developer.gserviceaccount.com","automaticUpdatePolicy":{}},"serviceConfig":{"service":"projects/kidschat-4e9cd/locations/europe-west2/services/sendmessagenotification","timeoutSeconds":60,"environmentVariables":{"FIREBASE_CONFIG":"{\"projectId\":\"kidschat-4e9cd\",\"storageBucket\":\"kidschat-4e9cd.firebasestorage.app\"}","GCLOUD_PROJECT":"kidschat-4e9cd","EVENTARC_CLOUD_EVENT_SOURCE":"projects/kidschat-4e9cd/locations/europe-west2/services/sendMessageNotification","FUNCTION_SIGNATURE_TYPE":"cloudevent","FUNCTION_TARGET":"sendMessageNotification","LOG_EXECUTION_ID":"true"},"ingressSettings":"ALLOW_ALL","serviceAccountEmail":"1083637524943-compute@developer.gserviceaccount.com","availableMemory":"256Mi","maxInstanceRequestConcurrency":80,"availableCpu":"1"},"eventTrigger":{"trigger":"projects/kidschat-4e9cd/locations/europe-west2/triggers/sendmessagenotification-678767","triggerRegion":"europe-west2","eventType":"google.cloud.firestore.document.v1.created","eventFilters":[{"attribute":"database","value":"(default)"},{"attribute":"namespace","value":"(default)"},{"attribute":"document","value":"messages/{messageId}","operator":"match-path-pattern"}],"serviceAccountEmail":"1083637524943-compute@developer.gserviceaccount.com","retryPolicy":"RETRY_POLICY_DO_NOT_RETRY"},"labels":{"deployment-tool":"cli-firebase","firebase-functions-hash":"5e55100ba51809bf3625018fb3919117a16f11ab"},"environment":"GEN_2"},"stages":[{"name":"BUILD","state":"NOT_STARTED"},{"name":"SERVICE","state":"NOT_STARTED"},{"name":"TRIGGER","state":"NOT_STARTED"}],"operationType":"CREATE_FUNCTION"},"done":false}
[debug] [2026-05-25T21:31:00.732Z] [create-default-europe-west2-sendMessageNotification] Retrying task index 0
[debug] [2026-05-25T21:31:00.733Z] Checked if tokens are valid: true, expires at: 1779747893812
[debug] [2026-05-25T21:31:00.733Z] Checked if tokens are valid: true, expires at: 1779747893812
[debug] [2026-05-25T21:31:00.733Z] >>> [apiv2][query] GET https://cloudfunctions.googleapis.com/v2/projects/kidschat-4e9cd/locations/europe-west2/operations/operation-1779744481250-652ab0d988af6-b1105d6d-3c9a0dce [none]
[debug] [2026-05-25T21:31:00.924Z] <<< [apiv2][status] GET https://cloudfunctions.googleapis.com/v2/projects/kidschat-4e9cd/locations/europe-west2/operations/operation-1779744481250-652ab0d988af6-b1105d6d-3c9a0dce 200
[debug] [2026-05-25T21:31:00.925Z] <<< [apiv2][body] GET https://cloudfunctions.googleapis.com/v2/projects/kidschat-4e9cd/locations/europe-west2/operations/operation-1779744481250-652ab0d988af6-b1105d6d-3c9a0dce {"name":"projects/kidschat-4e9cd/locations/europe-west2/operations/operation-1779744481250-652ab0d988af6-b1105d6d-3c9a0dce","metadata":{"@type":"type.googleapis.com/google.cloud.functions.v2.OperationMetadata","createTime":"2026-05-25T21:28:01.937159422Z","target":"projects/kidschat-4e9cd/locations/europe-west2/functions/sendMessageNotification","verb":"create","cancelRequested":false,"apiVersion":"v2","requestResource":{"@type":"type.googleapis.com/google.cloud.functions.v2.Function","name":"projects/kidschat-4e9cd/locations/europe-west2/functions/sendMessageNotification","buildConfig":{"runtime":"nodejs22","entryPoint":"sendMessageNotification","source":{"storageSource":{"bucket":"gcf-v2-sources-1083637524943-europe-west2","object":"sendMessageNotification/function-source.zip","generation":"1779744481496400"}},"environmentVariables":{"GOOGLE_NODE_RUN_SCRIPTS":""},"serviceAccount":"projects/kidschat-4e9cd/serviceAccounts/1083637524943-compute@developer.gserviceaccount.com","automaticUpdatePolicy":{}},"serviceConfig":{"service":"projects/kidschat-4e9cd/locations/europe-west2/services/sendmessagenotification","timeoutSeconds":60,"environmentVariables":{"FIREBASE_CONFIG":"{\"projectId\":\"kidschat-4e9cd\",\"storageBucket\":\"kidschat-4e9cd.firebasestorage.app\"}","GCLOUD_PROJECT":"kidschat-4e9cd","EVENTARC_CLOUD_EVENT_SOURCE":"projects/kidschat-4e9cd/locations/europe-west2/services/sendMessageNotification","FUNCTION_SIGNATURE_TYPE":"cloudevent","FUNCTION_TARGET":"sendMessageNotification","LOG_EXECUTION_ID":"true"},"ingressSettings":"ALLOW_ALL","serviceAccountEmail":"1083637524943-compute@developer.gserviceaccount.com","availableMemory":"256Mi","maxInstanceRequestConcurrency":80,"availableCpu":"1"},"eventTrigger":{"trigger":"projects/kidschat-4e9cd/locations/europe-west2/triggers/sendmessagenotification-678767","triggerRegion":"europe-west2","eventType":"google.cloud.firestore.document.v1.created","eventFilters":[{"attribute":"database","value":"(default)"},{"attribute":"namespace","value":"(default)"},{"attribute":"document","value":"messages/{messageId}","operator":"match-path-pattern"}],"serviceAccountEmail":"1083637524943-compute@developer.gserviceaccount.com","retryPolicy":"RETRY_POLICY_DO_NOT_RETRY"},"labels":{"deployment-tool":"cli-firebase","firebase-functions-hash":"5e55100ba51809bf3625018fb3919117a16f11ab"},"environment":"GEN_2"},"stages":[{"name":"BUILD","state":"NOT_STARTED"},{"name":"SERVICE","state":"NOT_STARTED"},{"name":"TRIGGER","state":"NOT_STARTED"}],"operationType":"CREATE_FUNCTION"},"done":false}
[debug] [2026-05-25T21:31:01.925Z] [create-default-europe-west2-sendMessageNotification] Retrying task index 0
[debug] [2026-05-25T21:31:01.925Z] Checked if tokens are valid: true, expires at: 1779747893812
[debug] [2026-05-25T21:31:01.925Z] Checked if tokens are valid: true, expires at: 1779747893812
[debug] [2026-05-25T21:31:01.926Z] >>> [apiv2][query] GET https://cloudfunctions.googleapis.com/v2/projects/kidschat-4e9cd/locations/europe-west2/operations/operation-1779744481250-652ab0d988af6-b1105d6d-3c9a0dce [none]
[debug] [2026-05-25T21:31:02.028Z] <<< [apiv2][status] GET https://cloudfunctions.googleapis.com/v2/projects/kidschat-4e9cd/locations/europe-west2/operations/operation-1779744481250-652ab0d988af6-b1105d6d-3c9a0dce 200
[debug] [2026-05-25T21:31:02.028Z] <<< [apiv2][body] GET https://cloudfunctions.googleapis.com/v2/projects/kidschat-4e9cd/locations/europe-west2/operations/operation-1779744481250-652ab0d988af6-b1105d6d-3c9a0dce {"name":"projects/kidschat-4e9cd/locations/europe-west2/operations/operation-1779744481250-652ab0d988af6-b1105d6d-3c9a0dce","metadata":{"@type":"type.googleapis.com/google.cloud.functions.v2.OperationMetadata","createTime":"2026-05-25T21:28:01.937159422Z","target":"projects/kidschat-4e9cd/locations/europe-west2/functions/sendMessageNotification","verb":"create","cancelRequested":false,"apiVersion":"v2","requestResource":{"@type":"type.googleapis.com/google.cloud.functions.v2.Function","name":"projects/kidschat-4e9cd/locations/europe-west2/functions/sendMessageNotification","buildConfig":{"runtime":"nodejs22","entryPoint":"sendMessageNotification","source":{"storageSource":{"bucket":"gcf-v2-sources-1083637524943-europe-west2","object":"sendMessageNotification/function-source.zip","generation":"1779744481496400"}},"environmentVariables":{"GOOGLE_NODE_RUN_SCRIPTS":""},"serviceAccount":"projects/kidschat-4e9cd/serviceAccounts/1083637524943-compute@developer.gserviceaccount.com","automaticUpdatePolicy":{}},"serviceConfig":{"service":"projects/kidschat-4e9cd/locations/europe-west2/services/sendmessagenotification","timeoutSeconds":60,"environmentVariables":{"FIREBASE_CONFIG":"{\"projectId\":\"kidschat-4e9cd\",\"storageBucket\":\"kidschat-4e9cd.firebasestorage.app\"}","GCLOUD_PROJECT":"kidschat-4e9cd","EVENTARC_CLOUD_EVENT_SOURCE":"projects/kidschat-4e9cd/locations/europe-west2/services/sendMessageNotification","FUNCTION_SIGNATURE_TYPE":"cloudevent","FUNCTION_TARGET":"sendMessageNotification","LOG_EXECUTION_ID":"true"},"ingressSettings":"ALLOW_ALL","serviceAccountEmail":"1083637524943-compute@developer.gserviceaccount.com","availableMemory":"256Mi","maxInstanceRequestConcurrency":80,"availableCpu":"1"},"eventTrigger":{"trigger":"projects/kidschat-4e9cd/locations/europe-west2/triggers/sendmessagenotification-678767","triggerRegion":"europe-west2","eventType":"google.cloud.firestore.document.v1.created","eventFilters":[{"attribute":"database","value":"(default)"},{"attribute":"namespace","value":"(default)"},{"attribute":"document","value":"messages/{messageId}","operator":"match-path-pattern"}],"serviceAccountEmail":"1083637524943-compute@developer.gserviceaccount.com","retryPolicy":"RETRY_POLICY_DO_NOT_RETRY"},"labels":{"deployment-tool":"cli-firebase","firebase-functions-hash":"5e55100ba51809bf3625018fb3919117a16f11ab"},"environment":"GEN_2"},"stages":[{"name":"BUILD","message":"Build in progress","state":"IN_PROGRESS","resource":"projects/1083637524943/locations/europe-west2/builds/692051e1-0a2f-4616-a811-f0c98420ee79","resourceUri":"https://console.cloud.google.com/cloud-build/builds;region=europe-west2/692051e1-0a2f-4616-a811-f0c98420ee79?project=1083637524943"},{"name":"SERVICE","state":"NOT_STARTED"},{"name":"TRIGGER","state":"NOT_STARTED"}],"operationType":"CREATE_FUNCTION","buildName":"projects/1083637524943/locations/europe-west2/builds/692051e1-0a2f-4616-a811-f0c98420ee79"},"done":false}
[debug] [2026-05-25T21:31:04.029Z] [create-default-europe-west2-sendMessageNotification] Retrying task index 0
[debug] [2026-05-25T21:31:04.029Z] Checked if tokens are valid: true, expires at: 1779747893812
[debug] [2026-05-25T21:31:04.030Z] Checked if tokens are valid: true, expires at: 1779747893812
[debug] [2026-05-25T21:31:04.030Z] >>> [apiv2][query] GET https://cloudfunctions.googleapis.com/v2/projects/kidschat-4e9cd/locations/europe-west2/operations/operation-1779744481250-652ab0d988af6-b1105d6d-3c9a0dce [none]
[debug] [2026-05-25T21:31:04.172Z] <<< [apiv2][status] GET https://cloudfunctions.googleapis.com/v2/projects/kidschat-4e9cd/locations/europe-west2/operations/operation-1779744481250-652ab0d988af6-b1105d6d-3c9a0dce 200
[debug] [2026-05-25T21:31:04.172Z] <<< [apiv2][body] GET https://cloudfunctions.googleapis.com/v2/projects/kidschat-4e9cd/locations/europe-west2/operations/operation-1779744481250-652ab0d988af6-b1105d6d-3c9a0dce {"name":"projects/kidschat-4e9cd/locations/europe-west2/operations/operation-1779744481250-652ab0d988af6-b1105d6d-3c9a0dce","metadata":{"@type":"type.googleapis.com/google.cloud.functions.v2.OperationMetadata","createTime":"2026-05-25T21:28:01.937159422Z","target":"projects/kidschat-4e9cd/locations/europe-west2/functions/sendMessageNotification","verb":"create","cancelRequested":false,"apiVersion":"v2","requestResource":{"@type":"type.googleapis.com/google.cloud.functions.v2.Function","name":"projects/kidschat-4e9cd/locations/europe-west2/functions/sendMessageNotification","buildConfig":{"runtime":"nodejs22","entryPoint":"sendMessageNotification","source":{"storageSource":{"bucket":"gcf-v2-sources-1083637524943-europe-west2","object":"sendMessageNotification/function-source.zip","generation":"1779744481496400"}},"environmentVariables":{"GOOGLE_NODE_RUN_SCRIPTS":""},"serviceAccount":"projects/kidschat-4e9cd/serviceAccounts/1083637524943-compute@developer.gserviceaccount.com","automaticUpdatePolicy":{}},"serviceConfig":{"service":"projects/kidschat-4e9cd/locations/europe-west2/services/sendmessagenotification","timeoutSeconds":60,"environmentVariables":{"FIREBASE_CONFIG":"{\"projectId\":\"kidschat-4e9cd\",\"storageBucket\":\"kidschat-4e9cd.firebasestorage.app\"}","GCLOUD_PROJECT":"kidschat-4e9cd","EVENTARC_CLOUD_EVENT_SOURCE":"projects/kidschat-4e9cd/locations/europe-west2/services/sendMessageNotification","FUNCTION_SIGNATURE_TYPE":"cloudevent","FUNCTION_TARGET":"sendMessageNotification","LOG_EXECUTION_ID":"true"},"ingressSettings":"ALLOW_ALL","serviceAccountEmail":"1083637524943-compute@developer.gserviceaccount.com","availableMemory":"256Mi","maxInstanceRequestConcurrency":80,"availableCpu":"1"},"eventTrigger":{"trigger":"projects/kidschat-4e9cd/locations/europe-west2/triggers/sendmessagenotification-678767","triggerRegion":"europe-west2","eventType":"google.cloud.firestore.document.v1.created","eventFilters":[{"attribute":"database","value":"(default)"},{"attribute":"namespace","value":"(default)"},{"attribute":"document","value":"messages/{messageId}","operator":"match-path-pattern"}],"serviceAccountEmail":"1083637524943-compute@developer.gserviceaccount.com","retryPolicy":"RETRY_POLICY_DO_NOT_RETRY"},"labels":{"deployment-tool":"cli-firebase","firebase-functions-hash":"5e55100ba51809bf3625018fb3919117a16f11ab"},"environment":"GEN_2"},"stages":[{"name":"BUILD","message":"Build in progress","state":"IN_PROGRESS","resource":"projects/1083637524943/locations/europe-west2/builds/692051e1-0a2f-4616-a811-f0c98420ee79","resourceUri":"https://console.cloud.google.com/cloud-build/builds;region=europe-west2/692051e1-0a2f-4616-a811-f0c98420ee79?project=1083637524943"},{"name":"SERVICE","state":"NOT_STARTED"},{"name":"TRIGGER","state":"NOT_STARTED"}],"operationType":"CREATE_FUNCTION","buildName":"projects/1083637524943/locations/europe-west2/builds/692051e1-0a2f-4616-a811-f0c98420ee79"},"done":false}
[debug] [2026-05-25T21:31:08.173Z] [create-default-europe-west2-sendMessageNotification] Retrying task index 0
[debug] [2026-05-25T21:31:08.173Z] Checked if tokens are valid: true, expires at: 1779747893812
[debug] [2026-05-25T21:31:08.173Z] Checked if tokens are valid: true, expires at: 1779747893812
[debug] [2026-05-25T21:31:08.173Z] >>> [apiv2][query] GET https://cloudfunctions.googleapis.com/v2/projects/kidschat-4e9cd/locations/europe-west2/operations/operation-1779744481250-652ab0d988af6-b1105d6d-3c9a0dce [none]
[debug] [2026-05-25T21:31:08.342Z] <<< [apiv2][status] GET https://cloudfunctions.googleapis.com/v2/projects/kidschat-4e9cd/locations/europe-west2/operations/operation-1779744481250-652ab0d988af6-b1105d6d-3c9a0dce 200
[debug] [2026-05-25T21:31:08.342Z] <<< [apiv2][body] GET https://cloudfunctions.googleapis.com/v2/projects/kidschat-4e9cd/locations/europe-west2/operations/operation-1779744481250-652ab0d988af6-b1105d6d-3c9a0dce {"name":"projects/kidschat-4e9cd/locations/europe-west2/operations/operation-1779744481250-652ab0d988af6-b1105d6d-3c9a0dce","metadata":{"@type":"type.googleapis.com/google.cloud.functions.v2.OperationMetadata","createTime":"2026-05-25T21:28:01.937159422Z","target":"projects/kidschat-4e9cd/locations/europe-west2/functions/sendMessageNotification","verb":"create","cancelRequested":false,"apiVersion":"v2","requestResource":{"@type":"type.googleapis.com/google.cloud.functions.v2.Function","name":"projects/kidschat-4e9cd/locations/europe-west2/functions/sendMessageNotification","buildConfig":{"runtime":"nodejs22","entryPoint":"sendMessageNotification","source":{"storageSource":{"bucket":"gcf-v2-sources-1083637524943-europe-west2","object":"sendMessageNotification/function-source.zip","generation":"1779744481496400"}},"environmentVariables":{"GOOGLE_NODE_RUN_SCRIPTS":""},"serviceAccount":"projects/kidschat-4e9cd/serviceAccounts/1083637524943-compute@developer.gserviceaccount.com","automaticUpdatePolicy":{}},"serviceConfig":{"service":"projects/kidschat-4e9cd/locations/europe-west2/services/sendmessagenotification","timeoutSeconds":60,"environmentVariables":{"FIREBASE_CONFIG":"{\"projectId\":\"kidschat-4e9cd\",\"storageBucket\":\"kidschat-4e9cd.firebasestorage.app\"}","GCLOUD_PROJECT":"kidschat-4e9cd","EVENTARC_CLOUD_EVENT_SOURCE":"projects/kidschat-4e9cd/locations/europe-west2/services/sendMessageNotification","FUNCTION_SIGNATURE_TYPE":"cloudevent","FUNCTION_TARGET":"sendMessageNotification","LOG_EXECUTION_ID":"true"},"ingressSettings":"ALLOW_ALL","serviceAccountEmail":"1083637524943-compute@developer.gserviceaccount.com","availableMemory":"256Mi","maxInstanceRequestConcurrency":80,"availableCpu":"1"},"eventTrigger":{"trigger":"projects/kidschat-4e9cd/locations/europe-west2/triggers/sendmessagenotification-678767","triggerRegion":"europe-west2","eventType":"google.cloud.firestore.document.v1.created","eventFilters":[{"attribute":"database","value":"(default)"},{"attribute":"namespace","value":"(default)"},{"attribute":"document","value":"messages/{messageId}","operator":"match-path-pattern"}],"serviceAccountEmail":"1083637524943-compute@developer.gserviceaccount.com","retryPolicy":"RETRY_POLICY_DO_NOT_RETRY"},"labels":{"deployment-tool":"cli-firebase","firebase-functions-hash":"5e55100ba51809bf3625018fb3919117a16f11ab"},"environment":"GEN_2"},"stages":[{"name":"BUILD","message":"Build in progress","state":"IN_PROGRESS","resource":"projects/1083637524943/locations/europe-west2/builds/692051e1-0a2f-4616-a811-f0c98420ee79","resourceUri":"https://console.cloud.google.com/cloud-build/builds;region=europe-west2/692051e1-0a2f-4616-a811-f0c98420ee79?project=1083637524943"},{"name":"SERVICE","state":"NOT_STARTED"},{"name":"TRIGGER","state":"NOT_STARTED"}],"operationType":"CREATE_FUNCTION","buildName":"projects/1083637524943/locations/europe-west2/builds/692051e1-0a2f-4616-a811-f0c98420ee79"},"done":false}
[debug] [2026-05-25T21:31:16.343Z] [create-default-europe-west2-sendMessageNotification] Retrying task index 0
[debug] [2026-05-25T21:31:16.343Z] Checked if tokens are valid: true, expires at: 1779747893812
[debug] [2026-05-25T21:31:16.344Z] Checked if tokens are valid: true, expires at: 1779747893812
[debug] [2026-05-25T21:31:16.344Z] >>> [apiv2][query] GET https://cloudfunctions.googleapis.com/v2/projects/kidschat-4e9cd/locations/europe-west2/operations/operation-1779744481250-652ab0d988af6-b1105d6d-3c9a0dce [none]
[debug] [2026-05-25T21:31:16.627Z] <<< [apiv2][status] GET https://cloudfunctions.googleapis.com/v2/projects/kidschat-4e9cd/locations/europe-west2/operations/operation-1779744481250-652ab0d988af6-b1105d6d-3c9a0dce 200
[debug] [2026-05-25T21:31:16.627Z] <<< [apiv2][body] GET https://cloudfunctions.googleapis.com/v2/projects/kidschat-4e9cd/locations/europe-west2/operations/operation-1779744481250-652ab0d988af6-b1105d6d-3c9a0dce {"name":"projects/kidschat-4e9cd/locations/europe-west2/operations/operation-1779744481250-652ab0d988af6-b1105d6d-3c9a0dce","metadata":{"@type":"type.googleapis.com/google.cloud.functions.v2.OperationMetadata","createTime":"2026-05-25T21:28:01.937159422Z","target":"projects/kidschat-4e9cd/locations/europe-west2/functions/sendMessageNotification","verb":"create","cancelRequested":false,"apiVersion":"v2","requestResource":{"@type":"type.googleapis.com/google.cloud.functions.v2.Function","name":"projects/kidschat-4e9cd/locations/europe-west2/functions/sendMessageNotification","buildConfig":{"runtime":"nodejs22","entryPoint":"sendMessageNotification","source":{"storageSource":{"bucket":"gcf-v2-sources-1083637524943-europe-west2","object":"sendMessageNotification/function-source.zip","generation":"1779744481496400"}},"environmentVariables":{"GOOGLE_NODE_RUN_SCRIPTS":""},"serviceAccount":"projects/kidschat-4e9cd/serviceAccounts/1083637524943-compute@developer.gserviceaccount.com","automaticUpdatePolicy":{}},"serviceConfig":{"service":"projects/kidschat-4e9cd/locations/europe-west2/services/sendmessagenotification","timeoutSeconds":60,"environmentVariables":{"FIREBASE_CONFIG":"{\"projectId\":\"kidschat-4e9cd\",\"storageBucket\":\"kidschat-4e9cd.firebasestorage.app\"}","GCLOUD_PROJECT":"kidschat-4e9cd","EVENTARC_CLOUD_EVENT_SOURCE":"projects/kidschat-4e9cd/locations/europe-west2/services/sendMessageNotification","FUNCTION_SIGNATURE_TYPE":"cloudevent","FUNCTION_TARGET":"sendMessageNotification","LOG_EXECUTION_ID":"true"},"ingressSettings":"ALLOW_ALL","serviceAccountEmail":"1083637524943-compute@developer.gserviceaccount.com","availableMemory":"256Mi","maxInstanceRequestConcurrency":80,"availableCpu":"1"},"eventTrigger":{"trigger":"projects/kidschat-4e9cd/locations/europe-west2/triggers/sendmessagenotification-678767","triggerRegion":"europe-west2","eventType":"google.cloud.firestore.document.v1.created","eventFilters":[{"attribute":"database","value":"(default)"},{"attribute":"namespace","value":"(default)"},{"attribute":"document","value":"messages/{messageId}","operator":"match-path-pattern"}],"serviceAccountEmail":"1083637524943-compute@developer.gserviceaccount.com","retryPolicy":"RETRY_POLICY_DO_NOT_RETRY"},"labels":{"deployment-tool":"cli-firebase","firebase-functions-hash":"5e55100ba51809bf3625018fb3919117a16f11ab"},"environment":"GEN_2"},"stages":[{"name":"BUILD","message":"Build in progress","state":"IN_PROGRESS","resource":"projects/1083637524943/locations/europe-west2/builds/692051e1-0a2f-4616-a811-f0c98420ee79","resourceUri":"https://console.cloud.google.com/cloud-build/builds;region=europe-west2/692051e1-0a2f-4616-a811-f0c98420ee79?project=1083637524943"},{"name":"SERVICE","state":"NOT_STARTED"},{"name":"TRIGGER","state":"NOT_STARTED"}],"operationType":"CREATE_FUNCTION","buildName":"projects/1083637524943/locations/europe-west2/builds/692051e1-0a2f-4616-a811-f0c98420ee79"},"done":false}
[debug] [2026-05-25T21:31:26.627Z] [create-default-europe-west2-sendMessageNotification] Retrying task index 0
[debug] [2026-05-25T21:31:26.628Z] Checked if tokens are valid: true, expires at: 1779747893812
[debug] [2026-05-25T21:31:26.628Z] Checked if tokens are valid: true, expires at: 1779747893812
[debug] [2026-05-25T21:31:26.628Z] >>> [apiv2][query] GET https://cloudfunctions.googleapis.com/v2/projects/kidschat-4e9cd/locations/europe-west2/operations/operation-1779744481250-652ab0d988af6-b1105d6d-3c9a0dce [none]
[debug] [2026-05-25T21:31:26.861Z] <<< [apiv2][status] GET https://cloudfunctions.googleapis.com/v2/projects/kidschat-4e9cd/locations/europe-west2/operations/operation-1779744481250-652ab0d988af6-b1105d6d-3c9a0dce 200
[debug] [2026-05-25T21:31:26.861Z] <<< [apiv2][body] GET https://cloudfunctions.googleapis.com/v2/projects/kidschat-4e9cd/locations/europe-west2/operations/operation-1779744481250-652ab0d988af6-b1105d6d-3c9a0dce {"name":"projects/kidschat-4e9cd/locations/europe-west2/operations/operation-1779744481250-652ab0d988af6-b1105d6d-3c9a0dce","metadata":{"@type":"type.googleapis.com/google.cloud.functions.v2.OperationMetadata","createTime":"2026-05-25T21:28:01.937159422Z","target":"projects/kidschat-4e9cd/locations/europe-west2/functions/sendMessageNotification","verb":"create","cancelRequested":false,"apiVersion":"v2","requestResource":{"@type":"type.googleapis.com/google.cloud.functions.v2.Function","name":"projects/kidschat-4e9cd/locations/europe-west2/functions/sendMessageNotification","buildConfig":{"runtime":"nodejs22","entryPoint":"sendMessageNotification","source":{"storageSource":{"bucket":"gcf-v2-sources-1083637524943-europe-west2","object":"sendMessageNotification/function-source.zip","generation":"1779744481496400"}},"environmentVariables":{"GOOGLE_NODE_RUN_SCRIPTS":""},"serviceAccount":"projects/kidschat-4e9cd/serviceAccounts/1083637524943-compute@developer.gserviceaccount.com","automaticUpdatePolicy":{}},"serviceConfig":{"service":"projects/kidschat-4e9cd/locations/europe-west2/services/sendmessagenotification","timeoutSeconds":60,"environmentVariables":{"FIREBASE_CONFIG":"{\"projectId\":\"kidschat-4e9cd\",\"storageBucket\":\"kidschat-4e9cd.firebasestorage.app\"}","GCLOUD_PROJECT":"kidschat-4e9cd","EVENTARC_CLOUD_EVENT_SOURCE":"projects/kidschat-4e9cd/locations/europe-west2/services/sendMessageNotification","FUNCTION_SIGNATURE_TYPE":"cloudevent","FUNCTION_TARGET":"sendMessageNotification","LOG_EXECUTION_ID":"true"},"ingressSettings":"ALLOW_ALL","serviceAccountEmail":"1083637524943-compute@developer.gserviceaccount.com","availableMemory":"256Mi","maxInstanceRequestConcurrency":80,"availableCpu":"1"},"eventTrigger":{"trigger":"projects/kidschat-4e9cd/locations/europe-west2/triggers/sendmessagenotification-678767","triggerRegion":"europe-west2","eventType":"google.cloud.firestore.document.v1.created","eventFilters":[{"attribute":"database","value":"(default)"},{"attribute":"namespace","value":"(default)"},{"attribute":"document","value":"messages/{messageId}","operator":"match-path-pattern"}],"serviceAccountEmail":"1083637524943-compute@developer.gserviceaccount.com","retryPolicy":"RETRY_POLICY_DO_NOT_RETRY"},"labels":{"deployment-tool":"cli-firebase","firebase-functions-hash":"5e55100ba51809bf3625018fb3919117a16f11ab"},"environment":"GEN_2"},"stages":[{"name":"BUILD","message":"Build in progress","state":"IN_PROGRESS","resource":"projects/1083637524943/locations/europe-west2/builds/692051e1-0a2f-4616-a811-f0c98420ee79","resourceUri":"https://console.cloud.google.com/cloud-build/builds;region=europe-west2/692051e1-0a2f-4616-a811-f0c98420ee79?project=1083637524943"},{"name":"SERVICE","state":"NOT_STARTED"},{"name":"TRIGGER","state":"NOT_STARTED"}],"operationType":"CREATE_FUNCTION","buildName":"projects/1083637524943/locations/europe-west2/builds/692051e1-0a2f-4616-a811-f0c98420ee79"},"done":false}
[debug] [2026-05-25T21:31:36.862Z] [create-default-europe-west2-sendMessageNotification] Retrying task index 0
[debug] [2026-05-25T21:31:36.862Z] Checked if tokens are valid: true, expires at: 1779747893812
[debug] [2026-05-25T21:31:36.862Z] Checked if tokens are valid: true, expires at: 1779747893812
[debug] [2026-05-25T21:31:36.862Z] >>> [apiv2][query] GET https://cloudfunctions.googleapis.com/v2/projects/kidschat-4e9cd/locations/europe-west2/operations/operation-1779744481250-652ab0d988af6-b1105d6d-3c9a0dce [none]
[debug] [2026-05-25T21:31:37.120Z] <<< [apiv2][status] GET https://cloudfunctions.googleapis.com/v2/projects/kidschat-4e9cd/locations/europe-west2/operations/operation-1779744481250-652ab0d988af6-b1105d6d-3c9a0dce 200
[debug] [2026-05-25T21:31:37.120Z] <<< [apiv2][body] GET https://cloudfunctions.googleapis.com/v2/projects/kidschat-4e9cd/locations/europe-west2/operations/operation-1779744481250-652ab0d988af6-b1105d6d-3c9a0dce {"name":"projects/kidschat-4e9cd/locations/europe-west2/operations/operation-1779744481250-652ab0d988af6-b1105d6d-3c9a0dce","metadata":{"@type":"type.googleapis.com/google.cloud.functions.v2.OperationMetadata","createTime":"2026-05-25T21:28:01.937159422Z","target":"projects/kidschat-4e9cd/locations/europe-west2/functions/sendMessageNotification","verb":"create","cancelRequested":false,"apiVersion":"v2","requestResource":{"@type":"type.googleapis.com/google.cloud.functions.v2.Function","name":"projects/kidschat-4e9cd/locations/europe-west2/functions/sendMessageNotification","buildConfig":{"runtime":"nodejs22","entryPoint":"sendMessageNotification","source":{"storageSource":{"bucket":"gcf-v2-sources-1083637524943-europe-west2","object":"sendMessageNotification/function-source.zip","generation":"1779744481496400"}},"environmentVariables":{"GOOGLE_NODE_RUN_SCRIPTS":""},"serviceAccount":"projects/kidschat-4e9cd/serviceAccounts/1083637524943-compute@developer.gserviceaccount.com","automaticUpdatePolicy":{}},"serviceConfig":{"service":"projects/kidschat-4e9cd/locations/europe-west2/services/sendmessagenotification","timeoutSeconds":60,"environmentVariables":{"FIREBASE_CONFIG":"{\"projectId\":\"kidschat-4e9cd\",\"storageBucket\":\"kidschat-4e9cd.firebasestorage.app\"}","GCLOUD_PROJECT":"kidschat-4e9cd","EVENTARC_CLOUD_EVENT_SOURCE":"projects/kidschat-4e9cd/locations/europe-west2/services/sendMessageNotification","FUNCTION_SIGNATURE_TYPE":"cloudevent","FUNCTION_TARGET":"sendMessageNotification","LOG_EXECUTION_ID":"true"},"ingressSettings":"ALLOW_ALL","serviceAccountEmail":"1083637524943-compute@developer.gserviceaccount.com","availableMemory":"256Mi","maxInstanceRequestConcurrency":80,"availableCpu":"1"},"eventTrigger":{"trigger":"projects/kidschat-4e9cd/locations/europe-west2/triggers/sendmessagenotification-678767","triggerRegion":"europe-west2","eventType":"google.cloud.firestore.document.v1.created","eventFilters":[{"attribute":"database","value":"(default)"},{"attribute":"namespace","value":"(default)"},{"attribute":"document","value":"messages/{messageId}","operator":"match-path-pattern"}],"serviceAccountEmail":"1083637524943-compute@developer.gserviceaccount.com","retryPolicy":"RETRY_POLICY_DO_NOT_RETRY"},"labels":{"deployment-tool":"cli-firebase","firebase-functions-hash":"5e55100ba51809bf3625018fb3919117a16f11ab"},"environment":"GEN_2"},"stages":[{"name":"BUILD","message":"Build in progress","state":"IN_PROGRESS","resource":"projects/1083637524943/locations/europe-west2/builds/692051e1-0a2f-4616-a811-f0c98420ee79","resourceUri":"https://console.cloud.google.com/cloud-build/builds;region=europe-west2/692051e1-0a2f-4616-a811-f0c98420ee79?project=1083637524943"},{"name":"SERVICE","state":"NOT_STARTED"},{"name":"TRIGGER","state":"NOT_STARTED"}],"operationType":"CREATE_FUNCTION","buildName":"projects/1083637524943/locations/europe-west2/builds/692051e1-0a2f-4616-a811-f0c98420ee79"},"done":false}
[debug] [2026-05-25T21:31:47.121Z] [create-default-europe-west2-sendMessageNotification] Retrying task index 0
[debug] [2026-05-25T21:31:47.122Z] Checked if tokens are valid: true, expires at: 1779747893812
[debug] [2026-05-25T21:31:47.122Z] Checked if tokens are valid: true, expires at: 1779747893812
[debug] [2026-05-25T21:31:47.122Z] >>> [apiv2][query] GET https://cloudfunctions.googleapis.com/v2/projects/kidschat-4e9cd/locations/europe-west2/operations/operation-1779744481250-652ab0d988af6-b1105d6d-3c9a0dce [none]
[debug] [2026-05-25T21:31:47.414Z] <<< [apiv2][status] GET https://cloudfunctions.googleapis.com/v2/projects/kidschat-4e9cd/locations/europe-west2/operations/operation-1779744481250-652ab0d988af6-b1105d6d-3c9a0dce 200
[debug] [2026-05-25T21:31:47.414Z] <<< [apiv2][body] GET https://cloudfunctions.googleapis.com/v2/projects/kidschat-4e9cd/locations/europe-west2/operations/operation-1779744481250-652ab0d988af6-b1105d6d-3c9a0dce {"name":"projects/kidschat-4e9cd/locations/europe-west2/operations/operation-1779744481250-652ab0d988af6-b1105d6d-3c9a0dce","metadata":{"@type":"type.googleapis.com/google.cloud.functions.v2.OperationMetadata","createTime":"2026-05-25T21:28:01.937159422Z","target":"projects/kidschat-4e9cd/locations/europe-west2/functions/sendMessageNotification","verb":"create","cancelRequested":false,"apiVersion":"v2","requestResource":{"@type":"type.googleapis.com/google.cloud.functions.v2.Function","name":"projects/kidschat-4e9cd/locations/europe-west2/functions/sendMessageNotification","buildConfig":{"runtime":"nodejs22","entryPoint":"sendMessageNotification","source":{"storageSource":{"bucket":"gcf-v2-sources-1083637524943-europe-west2","object":"sendMessageNotification/function-source.zip","generation":"1779744481496400"}},"environmentVariables":{"GOOGLE_NODE_RUN_SCRIPTS":""},"serviceAccount":"projects/kidschat-4e9cd/serviceAccounts/1083637524943-compute@developer.gserviceaccount.com","automaticUpdatePolicy":{}},"serviceConfig":{"service":"projects/kidschat-4e9cd/locations/europe-west2/services/sendmessagenotification","timeoutSeconds":60,"environmentVariables":{"FIREBASE_CONFIG":"{\"projectId\":\"kidschat-4e9cd\",\"storageBucket\":\"kidschat-4e9cd.firebasestorage.app\"}","GCLOUD_PROJECT":"kidschat-4e9cd","EVENTARC_CLOUD_EVENT_SOURCE":"projects/kidschat-4e9cd/locations/europe-west2/services/sendMessageNotification","FUNCTION_SIGNATURE_TYPE":"cloudevent","FUNCTION_TARGET":"sendMessageNotification","LOG_EXECUTION_ID":"true"},"ingressSettings":"ALLOW_ALL","serviceAccountEmail":"1083637524943-compute@developer.gserviceaccount.com","availableMemory":"256Mi","maxInstanceRequestConcurrency":80,"availableCpu":"1"},"eventTrigger":{"trigger":"projects/kidschat-4e9cd/locations/europe-west2/triggers/sendmessagenotification-678767","triggerRegion":"europe-west2","eventType":"google.cloud.firestore.document.v1.created","eventFilters":[{"attribute":"database","value":"(default)"},{"attribute":"namespace","value":"(default)"},{"attribute":"document","value":"messages/{messageId}","operator":"match-path-pattern"}],"serviceAccountEmail":"1083637524943-compute@developer.gserviceaccount.com","retryPolicy":"RETRY_POLICY_DO_NOT_RETRY"},"labels":{"deployment-tool":"cli-firebase","firebase-functions-hash":"5e55100ba51809bf3625018fb3919117a16f11ab"},"environment":"GEN_2"},"stages":[{"name":"BUILD","message":"Build in progress","state":"IN_PROGRESS","resource":"projects/1083637524943/locations/europe-west2/builds/692051e1-0a2f-4616-a811-f0c98420ee79","resourceUri":"https://console.cloud.google.com/cloud-build/builds;region=europe-west2/692051e1-0a2f-4616-a811-f0c98420ee79?project=1083637524943"},{"name":"SERVICE","state":"NOT_STARTED"},{"name":"TRIGGER","state":"NOT_STARTED"}],"operationType":"CREATE_FUNCTION","buildName":"projects/1083637524943/locations/europe-west2/builds/692051e1-0a2f-4616-a811-f0c98420ee79"},"done":false}
[debug] [2026-05-25T21:31:57.415Z] [create-default-europe-west2-sendMessageNotification] Retrying task index 0
[debug] [2026-05-25T21:31:57.416Z] Checked if tokens are valid: true, expires at: 1779747893812
[debug] [2026-05-25T21:31:57.416Z] Checked if tokens are valid: true, expires at: 1779747893812
[debug] [2026-05-25T21:31:57.416Z] >>> [apiv2][query] GET https://cloudfunctions.googleapis.com/v2/projects/kidschat-4e9cd/locations/europe-west2/operations/operation-1779744481250-652ab0d988af6-b1105d6d-3c9a0dce [none]
[debug] [2026-05-25T21:31:57.665Z] <<< [apiv2][status] GET https://cloudfunctions.googleapis.com/v2/projects/kidschat-4e9cd/locations/europe-west2/operations/operation-1779744481250-652ab0d988af6-b1105d6d-3c9a0dce 200
[debug] [2026-05-25T21:31:57.665Z] <<< [apiv2][body] GET https://cloudfunctions.googleapis.com/v2/projects/kidschat-4e9cd/locations/europe-west2/operations/operation-1779744481250-652ab0d988af6-b1105d6d-3c9a0dce {"name":"projects/kidschat-4e9cd/locations/europe-west2/operations/operation-1779744481250-652ab0d988af6-b1105d6d-3c9a0dce","metadata":{"@type":"type.googleapis.com/google.cloud.functions.v2.OperationMetadata","createTime":"2026-05-25T21:28:01.937159422Z","target":"projects/kidschat-4e9cd/locations/europe-west2/functions/sendMessageNotification","verb":"create","cancelRequested":false,"apiVersion":"v2","requestResource":{"@type":"type.googleapis.com/google.cloud.functions.v2.Function","name":"projects/kidschat-4e9cd/locations/europe-west2/functions/sendMessageNotification","buildConfig":{"runtime":"nodejs22","entryPoint":"sendMessageNotification","source":{"storageSource":{"bucket":"gcf-v2-sources-1083637524943-europe-west2","object":"sendMessageNotification/function-source.zip","generation":"1779744481496400"}},"environmentVariables":{"GOOGLE_NODE_RUN_SCRIPTS":""},"serviceAccount":"projects/kidschat-4e9cd/serviceAccounts/1083637524943-compute@developer.gserviceaccount.com","automaticUpdatePolicy":{}},"serviceConfig":{"service":"projects/kidschat-4e9cd/locations/europe-west2/services/sendmessagenotification","timeoutSeconds":60,"environmentVariables":{"FIREBASE_CONFIG":"{\"projectId\":\"kidschat-4e9cd\",\"storageBucket\":\"kidschat-4e9cd.firebasestorage.app\"}","GCLOUD_PROJECT":"kidschat-4e9cd","EVENTARC_CLOUD_EVENT_SOURCE":"projects/kidschat-4e9cd/locations/europe-west2/services/sendMessageNotification","FUNCTION_SIGNATURE_TYPE":"cloudevent","FUNCTION_TARGET":"sendMessageNotification","LOG_EXECUTION_ID":"true"},"ingressSettings":"ALLOW_ALL","serviceAccountEmail":"1083637524943-compute@developer.gserviceaccount.com","availableMemory":"256Mi","maxInstanceRequestConcurrency":80,"availableCpu":"1"},"eventTrigger":{"trigger":"projects/kidschat-4e9cd/locations/europe-west2/triggers/sendmessagenotification-678767","triggerRegion":"europe-west2","eventType":"google.cloud.firestore.document.v1.created","eventFilters":[{"attribute":"database","value":"(default)"},{"attribute":"namespace","value":"(default)"},{"attribute":"document","value":"messages/{messageId}","operator":"match-path-pattern"}],"serviceAccountEmail":"1083637524943-compute@developer.gserviceaccount.com","retryPolicy":"RETRY_POLICY_DO_NOT_RETRY"},"labels":{"deployment-tool":"cli-firebase","firebase-functions-hash":"5e55100ba51809bf3625018fb3919117a16f11ab"},"environment":"GEN_2"},"stages":[{"name":"BUILD","message":"Build finished","state":"COMPLETE","resource":"projects/1083637524943/locations/europe-west2/builds/692051e1-0a2f-4616-a811-f0c98420ee79","resourceUri":"https://console.cloud.google.com/cloud-build/builds;region=europe-west2/692051e1-0a2f-4616-a811-f0c98420ee79?project=1083637524943"},{"name":"SERVICE","message":"Creating Cloud Run service","state":"COMPLETE","resource":"projects/kidschat-4e9cd/locations/europe-west2/services/sendmessagenotification","resourceUri":"https://console.cloud.google.com/run/detail/europe-west2/sendmessagenotification?project=kidschat-4e9cd"},{"name":"TRIGGER","message":"Creating Eventarc trigger","state":"IN_PROGRESS","resource":"projects/kidschat-4e9cd/locations/europe-west2/triggers/sendmessagenotification-678767"}],"sourceToken":"Cllwcm9qZWN0cy8xMDgzNjM3NTI0OTQzL2xvY2F0aW9ucy9ldXJvcGUtd2VzdDIvYnVpbGRzLzY5MjA1MWUxLTBhMmYtNDYxNi1hODExLWYwYzk4NDIwZWU3ORJ8ZXVyb3BlLXdlc3QyLWRvY2tlci5wa2cuZGV2L2tpZHNjaGF0LTRlOWNkL2djZi1hcnRpZmFjdHMva2lkc2NoYXQtLTRlOWNkX19ldXJvcGUtLXdlc3QyX19zZW5kX21lc3NhZ2Vfbm90aWZpY2F0aW9uOnZlcnNpb25fMRjP09HuxB8iUHByb2plY3RzL2tpZHNjaGF0LTRlOWNkL2xvY2F0aW9ucy9ldXJvcGUtd2VzdDIvZnVuY3Rpb25zL3NlbmRNZXNzYWdlTm90aWZpY2F0aW9uKgwIkf7S0AYQiMSxmwMyCG5vZGVqczIyOncKI2djci5pby9nYWUtcnVudGltZXMvbm9kZWpzMjI6c3RhYmxlElBldXJvcGUtd2VzdDItZG9ja2VyLnBrZy5kZXYvc2VydmVybGVzcy1ydW50aW1lcy9nb29nbGUtMjItZnVsbC9ydW50aW1lcy9ub2RlanMyMkAB","operationType":"CREATE_FUNCTION","buildName":"projects/1083637524943/locations/europe-west2/builds/692051e1-0a2f-4616-a811-f0c98420ee79"},"done":false}
[debug] [2026-05-25T21:31:57.666Z] Got source token Cllwcm9qZWN0cy8xMDgzNjM3NTI0OTQzL2xvY2F0aW9ucy9ldXJvcGUtd2VzdDIvYnVpbGRzLzY5MjA1MWUxLTBhMmYtNDYxNi1hODExLWYwYzk4NDIwZWU3ORJ8ZXVyb3BlLXdlc3QyLWRvY2tlci5wa2cuZGV2L2tpZHNjaGF0LTRlOWNkL2djZi1hcnRpZmFjdHMva2lkc2NoYXQtLTRlOWNkX19ldXJvcGUtLXdlc3QyX19zZW5kX21lc3NhZ2Vfbm90aWZpY2F0aW9uOnZlcnNpb25fMRjP09HuxB8iUHByb2plY3RzL2tpZHNjaGF0LTRlOWNkL2xvY2F0aW9ucy9ldXJvcGUtd2VzdDIvZnVuY3Rpb25zL3NlbmRNZXNzYWdlTm90aWZpY2F0aW9uKgwIkf7S0AYQiMSxmwMyCG5vZGVqczIyOncKI2djci5pby9nYWUtcnVudGltZXMvbm9kZWpzMjI6c3RhYmxlElBldXJvcGUtd2VzdDItZG9ja2VyLnBrZy5kZXYvc2VydmVybGVzcy1ydW50aW1lcy9nb29nbGUtMjItZnVsbC9ydW50aW1lcy9ub2RlanMyMkAB for region europe-west2
[debug] [2026-05-25T21:32:07.666Z] [create-default-europe-west2-sendMessageNotification] Retrying task index 0
[debug] [2026-05-25T21:32:07.667Z] Checked if tokens are valid: true, expires at: 1779747893812
[debug] [2026-05-25T21:32:07.667Z] Checked if tokens are valid: true, expires at: 1779747893812
[debug] [2026-05-25T21:32:07.667Z] >>> [apiv2][query] GET https://cloudfunctions.googleapis.com/v2/projects/kidschat-4e9cd/locations/europe-west2/operations/operation-1779744481250-652ab0d988af6-b1105d6d-3c9a0dce [none]
[debug] [2026-05-25T21:32:07.972Z] <<< [apiv2][status] GET https://cloudfunctions.googleapis.com/v2/projects/kidschat-4e9cd/locations/europe-west2/operations/operation-1779744481250-652ab0d988af6-b1105d6d-3c9a0dce 200
[debug] [2026-05-25T21:32:07.972Z] <<< [apiv2][body] GET https://cloudfunctions.googleapis.com/v2/projects/kidschat-4e9cd/locations/europe-west2/operations/operation-1779744481250-652ab0d988af6-b1105d6d-3c9a0dce {"name":"projects/kidschat-4e9cd/locations/europe-west2/operations/operation-1779744481250-652ab0d988af6-b1105d6d-3c9a0dce","metadata":{"@type":"type.googleapis.com/google.cloud.functions.v2.OperationMetadata","createTime":"2026-05-25T21:28:01.937159422Z","target":"projects/kidschat-4e9cd/locations/europe-west2/functions/sendMessageNotification","verb":"create","cancelRequested":false,"apiVersion":"v2","requestResource":{"@type":"type.googleapis.com/google.cloud.functions.v2.Function","name":"projects/kidschat-4e9cd/locations/europe-west2/functions/sendMessageNotification","buildConfig":{"runtime":"nodejs22","entryPoint":"sendMessageNotification","source":{"storageSource":{"bucket":"gcf-v2-sources-1083637524943-europe-west2","object":"sendMessageNotification/function-source.zip","generation":"1779744481496400"}},"environmentVariables":{"GOOGLE_NODE_RUN_SCRIPTS":""},"serviceAccount":"projects/kidschat-4e9cd/serviceAccounts/1083637524943-compute@developer.gserviceaccount.com","automaticUpdatePolicy":{}},"serviceConfig":{"service":"projects/kidschat-4e9cd/locations/europe-west2/services/sendmessagenotification","timeoutSeconds":60,"environmentVariables":{"FIREBASE_CONFIG":"{\"projectId\":\"kidschat-4e9cd\",\"storageBucket\":\"kidschat-4e9cd.firebasestorage.app\"}","GCLOUD_PROJECT":"kidschat-4e9cd","EVENTARC_CLOUD_EVENT_SOURCE":"projects/kidschat-4e9cd/locations/europe-west2/services/sendMessageNotification","FUNCTION_SIGNATURE_TYPE":"cloudevent","FUNCTION_TARGET":"sendMessageNotification","LOG_EXECUTION_ID":"true"},"ingressSettings":"ALLOW_ALL","serviceAccountEmail":"1083637524943-compute@developer.gserviceaccount.com","availableMemory":"256Mi","maxInstanceRequestConcurrency":80,"availableCpu":"1"},"eventTrigger":{"trigger":"projects/kidschat-4e9cd/locations/europe-west2/triggers/sendmessagenotification-678767","triggerRegion":"europe-west2","eventType":"google.cloud.firestore.document.v1.created","eventFilters":[{"attribute":"database","value":"(default)"},{"attribute":"namespace","value":"(default)"},{"attribute":"document","value":"messages/{messageId}","operator":"match-path-pattern"}],"serviceAccountEmail":"1083637524943-compute@developer.gserviceaccount.com","retryPolicy":"RETRY_POLICY_DO_NOT_RETRY"},"labels":{"deployment-tool":"cli-firebase","firebase-functions-hash":"5e55100ba51809bf3625018fb3919117a16f11ab"},"environment":"GEN_2"},"stages":[{"name":"BUILD","message":"Build finished","state":"COMPLETE","resource":"projects/1083637524943/locations/europe-west2/builds/692051e1-0a2f-4616-a811-f0c98420ee79","resourceUri":"https://console.cloud.google.com/cloud-build/builds;region=europe-west2/692051e1-0a2f-4616-a811-f0c98420ee79?project=1083637524943"},{"name":"SERVICE","message":"Creating Cloud Run service","state":"COMPLETE","resource":"projects/kidschat-4e9cd/locations/europe-west2/services/sendmessagenotification","resourceUri":"https://console.cloud.google.com/run/detail/europe-west2/sendmessagenotification?project=kidschat-4e9cd"},{"name":"TRIGGER","message":"Creating Eventarc trigger","state":"IN_PROGRESS","resource":"projects/kidschat-4e9cd/locations/europe-west2/triggers/sendmessagenotification-678767"}],"sourceToken":"Cllwcm9qZWN0cy8xMDgzNjM3NTI0OTQzL2xvY2F0aW9ucy9ldXJvcGUtd2VzdDIvYnVpbGRzLzY5MjA1MWUxLTBhMmYtNDYxNi1hODExLWYwYzk4NDIwZWU3ORJ8ZXVyb3BlLXdlc3QyLWRvY2tlci5wa2cuZGV2L2tpZHNjaGF0LTRlOWNkL2djZi1hcnRpZmFjdHMva2lkc2NoYXQtLTRlOWNkX19ldXJvcGUtLXdlc3QyX19zZW5kX21lc3NhZ2Vfbm90aWZpY2F0aW9uOnZlcnNpb25fMRjP09HuxB8iUHByb2plY3RzL2tpZHNjaGF0LTRlOWNkL2xvY2F0aW9ucy9ldXJvcGUtd2VzdDIvZnVuY3Rpb25zL3NlbmRNZXNzYWdlTm90aWZpY2F0aW9uKgwIkf7S0AYQiMSxmwMyCG5vZGVqczIyOncKI2djci5pby9nYWUtcnVudGltZXMvbm9kZWpzMjI6c3RhYmxlElBldXJvcGUtd2VzdDItZG9ja2VyLnBrZy5kZXYvc2VydmVybGVzcy1ydW50aW1lcy9nb29nbGUtMjItZnVsbC9ydW50aW1lcy9ub2RlanMyMkAB","operationType":"CREATE_FUNCTION","buildName":"projects/1083637524943/locations/europe-west2/builds/692051e1-0a2f-4616-a811-f0c98420ee79"},"done":false}
[debug] [2026-05-25T21:32:07.972Z] Got source token Cllwcm9qZWN0cy8xMDgzNjM3NTI0OTQzL2xvY2F0aW9ucy9ldXJvcGUtd2VzdDIvYnVpbGRzLzY5MjA1MWUxLTBhMmYtNDYxNi1hODExLWYwYzk4NDIwZWU3ORJ8ZXVyb3BlLXdlc3QyLWRvY2tlci5wa2cuZGV2L2tpZHNjaGF0LTRlOWNkL2djZi1hcnRpZmFjdHMva2lkc2NoYXQtLTRlOWNkX19ldXJvcGUtLXdlc3QyX19zZW5kX21lc3NhZ2Vfbm90aWZpY2F0aW9uOnZlcnNpb25fMRjP09HuxB8iUHByb2plY3RzL2tpZHNjaGF0LTRlOWNkL2xvY2F0aW9ucy9ldXJvcGUtd2VzdDIvZnVuY3Rpb25zL3NlbmRNZXNzYWdlTm90aWZpY2F0aW9uKgwIkf7S0AYQiMSxmwMyCG5vZGVqczIyOncKI2djci5pby9nYWUtcnVudGltZXMvbm9kZWpzMjI6c3RhYmxlElBldXJvcGUtd2VzdDItZG9ja2VyLnBrZy5kZXYvc2VydmVybGVzcy1ydW50aW1lcy9nb29nbGUtMjItZnVsbC9ydW50aW1lcy9ub2RlanMyMkAB for region europe-west2
[debug] [2026-05-25T21:32:17.972Z] [create-default-europe-west2-sendMessageNotification] Retrying task index 0
[debug] [2026-05-25T21:32:17.973Z] Checked if tokens are valid: true, expires at: 1779747893812
[debug] [2026-05-25T21:32:17.973Z] Checked if tokens are valid: true, expires at: 1779747893812
[debug] [2026-05-25T21:32:17.973Z] >>> [apiv2][query] GET https://cloudfunctions.googleapis.com/v2/projects/kidschat-4e9cd/locations/europe-west2/operations/operation-1779744481250-652ab0d988af6-b1105d6d-3c9a0dce [none]
[debug] [2026-05-25T21:32:18.231Z] <<< [apiv2][status] GET https://cloudfunctions.googleapis.com/v2/projects/kidschat-4e9cd/locations/europe-west2/operations/operation-1779744481250-652ab0d988af6-b1105d6d-3c9a0dce 200
[debug] [2026-05-25T21:32:18.232Z] <<< [apiv2][body] GET https://cloudfunctions.googleapis.com/v2/projects/kidschat-4e9cd/locations/europe-west2/operations/operation-1779744481250-652ab0d988af6-b1105d6d-3c9a0dce {"name":"projects/kidschat-4e9cd/locations/europe-west2/operations/operation-1779744481250-652ab0d988af6-b1105d6d-3c9a0dce","metadata":{"@type":"type.googleapis.com/google.cloud.functions.v2.OperationMetadata","createTime":"2026-05-25T21:28:01.937159422Z","endTime":"2026-05-25T21:29:11.491730371Z","target":"projects/kidschat-4e9cd/locations/europe-west2/functions/sendMessageNotification","verb":"create","cancelRequested":false,"apiVersion":"v2","requestResource":{"@type":"type.googleapis.com/google.cloud.functions.v2.Function","name":"projects/kidschat-4e9cd/locations/europe-west2/functions/sendMessageNotification","buildConfig":{"runtime":"nodejs22","entryPoint":"sendMessageNotification","source":{"storageSource":{"bucket":"gcf-v2-sources-1083637524943-europe-west2","object":"sendMessageNotification/function-source.zip","generation":"1779744481496400"}},"environmentVariables":{"GOOGLE_NODE_RUN_SCRIPTS":""},"serviceAccount":"projects/kidschat-4e9cd/serviceAccounts/1083637524943-compute@developer.gserviceaccount.com","automaticUpdatePolicy":{}},"serviceConfig":{"service":"projects/kidschat-4e9cd/locations/europe-west2/services/sendmessagenotification","timeoutSeconds":60,"environmentVariables":{"FIREBASE_CONFIG":"{\"projectId\":\"kidschat-4e9cd\",\"storageBucket\":\"kidschat-4e9cd.firebasestorage.app\"}","GCLOUD_PROJECT":"kidschat-4e9cd","EVENTARC_CLOUD_EVENT_SOURCE":"projects/kidschat-4e9cd/locations/europe-west2/services/sendMessageNotification","FUNCTION_SIGNATURE_TYPE":"cloudevent","FUNCTION_TARGET":"sendMessageNotification","LOG_EXECUTION_ID":"true"},"ingressSettings":"ALLOW_ALL","serviceAccountEmail":"1083637524943-compute@developer.gserviceaccount.com","availableMemory":"256Mi","maxInstanceRequestConcurrency":80,"availableCpu":"1"},"eventTrigger":{"trigger":"projects/kidschat-4e9cd/locations/europe-west2/triggers/sendmessagenotification-678767","triggerRegion":"europe-west2","eventType":"google.cloud.firestore.document.v1.created","eventFilters":[{"attribute":"database","value":"(default)"},{"attribute":"namespace","value":"(default)"},{"attribute":"document","value":"messages/{messageId}","operator":"match-path-pattern"}],"serviceAccountEmail":"1083637524943-compute@developer.gserviceaccount.com","retryPolicy":"RETRY_POLICY_DO_NOT_RETRY"},"labels":{"deployment-tool":"cli-firebase","firebase-functions-hash":"5e55100ba51809bf3625018fb3919117a16f11ab"},"environment":"GEN_2"},"stages":[{"name":"BUILD","message":"Build finished","state":"COMPLETE","resource":"projects/1083637524943/locations/europe-west2/builds/692051e1-0a2f-4616-a811-f0c98420ee79","resourceUri":"https://console.cloud.google.com/cloud-build/builds;region=europe-west2/692051e1-0a2f-4616-a811-f0c98420ee79?project=1083637524943"},{"name":"SERVICE","message":"Creating Cloud Run service","state":"COMPLETE","resource":"projects/kidschat-4e9cd/locations/europe-west2/services/sendmessagenotification","resourceUri":"https://console.cloud.google.com/run/detail/europe-west2/sendmessagenotification?project=kidschat-4e9cd"},{"name":"TRIGGER","message":"Creating Eventarc trigger","state":"COMPLETE","resource":"projects/kidschat-4e9cd/locations/europe-west2/triggers/sendmessagenotification-678767"}],"sourceToken":"Cllwcm9qZWN0cy8xMDgzNjM3NTI0OTQzL2xvY2F0aW9ucy9ldXJvcGUtd2VzdDIvYnVpbGRzLzY5MjA1MWUxLTBhMmYtNDYxNi1hODExLWYwYzk4NDIwZWU3ORJ8ZXVyb3BlLXdlc3QyLWRvY2tlci5wa2cuZGV2L2tpZHNjaGF0LTRlOWNkL2djZi1hcnRpZmFjdHMva2lkc2NoYXQtLTRlOWNkX19ldXJvcGUtLXdlc3QyX19zZW5kX21lc3NhZ2Vfbm90aWZpY2F0aW9uOnZlcnNpb25fMRjP09HuxB8iUHByb2plY3RzL2tpZHNjaGF0LTRlOWNkL2xvY2F0aW9ucy9ldXJvcGUtd2VzdDIvZnVuY3Rpb25zL3NlbmRNZXNzYWdlTm90aWZpY2F0aW9uKgwIkf7S0AYQiMSxmwMyCG5vZGVqczIyOncKI2djci5pby9nYWUtcnVudGltZXMvbm9kZWpzMjI6c3RhYmxlElBldXJvcGUtd2VzdDItZG9ja2VyLnBrZy5kZXYvc2VydmVybGVzcy1ydW50aW1lcy9nb29nbGUtMjItZnVsbC9ydW50aW1lcy9ub2RlanMyMkAB","operationType":"CREATE_FUNCTION","buildName":"projects/1083637524943/locations/europe-west2/builds/692051e1-0a2f-4616-a811-f0c98420ee79"},"done":true,"response":{"@type":"type.googleapis.com/google.cloud.functions.v2.Function","name":"projects/kidschat-4e9cd/locations/europe-west2/functions/sendMessageNotification","buildConfig":{"build":"projects/1083637524943/locations/europe-west2/builds/692051e1-0a2f-4616-a811-f0c98420ee79","runtime":"nodejs22","entryPoint":"sendMessageNotification","source":{"storageSource":{"bucket":"gcf-v2-sources-1083637524943-europe-west2","object":"sendMessageNotification/function-source.zip","generation":"1779744481496400"}},"environmentVariables":{"GOOGLE_NODE_RUN_SCRIPTS":""},"dockerRepository":"projects/kidschat-4e9cd/locations/europe-west2/repositories/gcf-artifacts","sourceProvenance":{"resolvedStorageSource":{"bucket":"gcf-v2-sources-1083637524943-europe-west2","object":"sendMessageNotification/function-source.zip","generation":"1779744481496400"}},"dockerRegistry":"ARTIFACT_REGISTRY","serviceAccount":"projects/kidschat-4e9cd/serviceAccounts/1083637524943-compute@developer.gserviceaccount.com","automaticUpdatePolicy":{}},"serviceConfig":{"service":"projects/kidschat-4e9cd/locations/europe-west2/services/sendmessagenotification","timeoutSeconds":60,"environmentVariables":{"FIREBASE_CONFIG":"{\"projectId\":\"kidschat-4e9cd\",\"storageBucket\":\"kidschat-4e9cd.firebasestorage.app\"}","GCLOUD_PROJECT":"kidschat-4e9cd","EVENTARC_CLOUD_EVENT_SOURCE":"projects/kidschat-4e9cd/locations/europe-west2/services/sendMessageNotification","FUNCTION_SIGNATURE_TYPE":"cloudevent","FUNCTION_TARGET":"sendMessageNotification","LOG_EXECUTION_ID":"true"},"ingressSettings":"ALLOW_ALL","uri":"https://sendmessagenotification-njpnfdsflq-nw.a.run.app","serviceAccountEmail":"1083637524943-compute@developer.gserviceaccount.com","availableMemory":"256Mi","allTrafficOnLatestRevision":true,"revision":"sendmessagenotification-00001-kov","maxInstanceRequestConcurrency":80,"availableCpu":"1"},"eventTrigger":{"trigger":"projects/kidschat-4e9cd/locations/europe-west2/triggers/sendmessagenotification-678767","triggerRegion":"europe-west2","eventType":"google.cloud.firestore.document.v1.created","eventFilters":[{"attribute":"database","value":"(default)"},{"attribute":"namespace","value":"(default)"},{"attribute":"document","value":"messages/{messageId}","operator":"match-path-pattern"}],"pubsubTopic":"projects/kidschat-4e9cd/topics/eventarc-europe-west2-sendmessagenotification-678767-945","serviceAccountEmail":"1083637524943-compute@developer.gserviceaccount.com","retryPolicy":"RETRY_POLICY_DO_NOT_RETRY"},"state":"ACTIVE","updateTime":"2026-05-25T21:28:01.932280911Z","labels":{"deployment-tool":"cli-firebase","firebase-functions-hash":"5e55100ba51809bf3625018fb3919117a16f11ab"},"environment":"GEN_2","url":"https://europe-west2-kidschat-4e9cd.cloudfunctions.net/sendMessageNotification","satisfiesPzs":true,"createTime":"2026-05-25T21:28:01.932280911Z","satisfiesPzi":true}}
[debug] [2026-05-25T21:32:18.232Z] Got source token Cllwcm9qZWN0cy8xMDgzNjM3NTI0OTQzL2xvY2F0aW9ucy9ldXJvcGUtd2VzdDIvYnVpbGRzLzY5MjA1MWUxLTBhMmYtNDYxNi1hODExLWYwYzk4NDIwZWU3ORJ8ZXVyb3BlLXdlc3QyLWRvY2tlci5wa2cuZGV2L2tpZHNjaGF0LTRlOWNkL2djZi1hcnRpZmFjdHMva2lkc2NoYXQtLTRlOWNkX19ldXJvcGUtLXdlc3QyX19zZW5kX21lc3NhZ2Vfbm90aWZpY2F0aW9uOnZlcnNpb25fMRjP09HuxB8iUHByb2plY3RzL2tpZHNjaGF0LTRlOWNkL2xvY2F0aW9ucy9ldXJvcGUtd2VzdDIvZnVuY3Rpb25zL3NlbmRNZXNzYWdlTm90aWZpY2F0aW9uKgwIkf7S0AYQiMSxmwMyCG5vZGVqczIyOncKI2djci5pby9nYWUtcnVudGltZXMvbm9kZWpzMjI6c3RhYmxlElBldXJvcGUtd2VzdDItZG9ja2VyLnBrZy5kZXYvc2VydmVybGVzcy1ydW50aW1lcy9nb29nbGUtMjItZnVsbC9ydW50aW1lcy9ub2RlanMyMkAB for region europe-west2
[info] ✔  functions[sendMessageNotification(europe-west2)] Successful create operation. 
[debug] [2026-05-25T21:32:18.238Z] Total Function Deployment time: 79052
[debug] [2026-05-25T21:32:18.238Z] 1 Functions Deployed
[debug] [2026-05-25T21:32:18.238Z] 0 Functions Errored
[debug] [2026-05-25T21:32:18.238Z] 0 Function Deployments Aborted
[debug] [2026-05-25T21:32:18.238Z] Average Function Deployment time: 79051
[debug] [2026-05-25T21:32:18.468Z] Checked if tokens are valid: true, expires at: 1779747893812
[debug] [2026-05-25T21:32:18.468Z] Checked if tokens are valid: true, expires at: 1779747893812
[debug] [2026-05-25T21:32:18.468Z] >>> [apiv2][query] GET https://artifactregistry.googleapis.com/v1/projects/kidschat-4e9cd/locations/europe-west2/repositories/gcf-artifacts [none]
[debug] [2026-05-25T21:32:18.808Z] <<< [apiv2][status] GET https://artifactregistry.googleapis.com/v1/projects/kidschat-4e9cd/locations/europe-west2/repositories/gcf-artifacts 200
[debug] [2026-05-25T21:32:18.808Z] <<< [apiv2][body] GET https://artifactregistry.googleapis.com/v1/projects/kidschat-4e9cd/locations/europe-west2/repositories/gcf-artifacts {"name":"projects/kidschat-4e9cd/locations/europe-west2/repositories/gcf-artifacts","format":"DOCKER","description":"This repository is created and used by Cloud Functions for storing function docker images.","labels":{"goog-managed-by":"cloudfunctions"},"createTime":"2026-05-25T21:25:47.924902Z","updateTime":"2026-05-25T21:28:42.066126Z","mode":"STANDARD_REPOSITORY","sizeBytes":"104708062","satisfiesPzs":true,"vulnerabilityScanningConfig":{"lastEnableTime":"2026-05-25T21:25:34.065335049Z","enablementState":"SCANNING_DISABLED","enablementStateReason":"API containerscanning.googleapis.com is not enabled."},"satisfiesPzi":true,"registryUri":"europe-west2-docker.pkg.dev/kidschat-4e9cd/gcf-artifacts"}
[warn] ⚠  functions: No cleanup policy detected for repositories in europe-west2. This may result in a small monthly bill as container images accumulate over time. 
